This file contains any messages produced by compilers while
running configure, to aid debugging if configure makes a mistake.

It was created by gromacs configure 4.5.3, which was
generated by GNU Autoconf 2.69.  Invocation command line was

  $ ./configure --enable-mpi --with-qmmm-gaussian --with-fft=mkl LIBS=-lmkl_intel_lp64 -lmkl_sequential -lmkl_core -lpthread -lm -ldl --enable-double --disable-threads CPPFLAGS=-DMKL build_alias=x86_64-conda-linux-gnu host_alias=x86_64-conda-linux-gnu CC=icc CFLAGS= LDFLAGS= CPP=/share/apps/anaconda/ju2/bin/x86_64-conda-linux-gnu-cpp CXX=/share/apps/anaconda/ju2/bin/x86_64-conda-linux-gnu-c++ CXXFLAGS=-fvisibility-inlines-hidden -std=c++17 -fmessage-length=0 -march=nocona -mtune=haswell -ftree-vectorize -fPIC -fstack-protector-strong -fno-plt -O2 -ffunction-sections -pipe -isystem /share/apps/anaconda/ju2/include --no-create --no-recursion

## --------- ##
## Platform. ##
## --------- ##

hostname = soleus.ftmc.uam.es
uname -m = x86_64
uname -r = 3.10.0-1160.15.2.el7.x86_64
uname -s = Linux
uname -v = #1 SMP Wed Feb 3 15:06:38 UTC 2021

/usr/bin/uname -p = x86_64
/bin/uname -X     = unknown

/bin/arch              = x86_64
/usr/bin/arch -k       = unknown
/usr/convex/getsysinfo = unknown
/usr/bin/hostinfo      = unknown
/bin/machine           = unknown
/usr/bin/oslevel       = unknown
/bin/universe          = unknown

PATH: /usr/local/software/git/bin
PATH: /usr/local/cuda-11.2/bin
PATH: /opt/intel/oneapi/mpi/2021.1.1/libfabric/bin
PATH: /opt/intel/oneapi/mpi/2021.1.1/bin
PATH: /opt/intel/oneapi/inspector/2021.1.1/bin64
PATH: /opt/intel/oneapi/debugger/10.0.0/gdb/intel64/bin
PATH: /opt/intel/oneapi/vpl/2021.1.1/bin
PATH: /opt/intel/oneapi/itac/2021.1.1/bin
PATH: /opt/intel/oneapi/dpcpp-ct/2021.1.1/bin
PATH: /opt/intel/oneapi/vtune/2021.1.2/bin64
PATH: /opt/intel/oneapi/mkl/latest/bin/intel64
PATH: /opt/intel/oneapi/dev-utilities/2021.1.1/bin
PATH: /opt/intel/oneapi/advisor/2021.1.1/bin64
PATH: /opt/intel/oneapi/compiler/2021.1.2/linux/lib/oclfpga/llvm/aocl-bin
PATH: /opt/intel/oneapi/compiler/2021.1.2/linux/lib/oclfpga/bin
PATH: /opt/intel/oneapi/compiler/2021.1.2/linux/bin/intel64
PATH: /opt/intel/oneapi/compiler/2021.1.2/linux/bin
PATH: /opt/intel/oneapi/compiler/2021.1.2/linux/ioc/bin
PATH: /opt/intel/oneapi/clck/2021.1.1/bin/intel64
PATH: /usr/lib64/qt-3.3/bin
PATH: /usr/local/software/git/bin
PATH: /usr/local/cuda-11.2/bin
PATH: /bin
PATH: /usr/local/sbin
PATH: /usr/local/bin
PATH: /usr/sbin
PATH: /usr/bin
PATH: /opt/ganglia/bin
PATH: /opt/ganglia/sbin
PATH: /opt/rocks/bin
PATH: /opt/rocks/sbin
PATH: /home/ggroenh
PATH: /usr/local/bin


## ----------- ##
## Core tests. ##
## ----------- ##

configure:3068: checking build system type
configure:3082: result: x86_64-conda-linux-gnu
configure:3102: checking host system type
configure:3115: result: x86_64-conda-linux-gnu
configure:3152: checking for a BSD-compatible install
configure:3220: result: /bin/install -c
configure:3231: checking whether build environment is sane
configure:3281: result: yes
configure:3422: checking for a thread-safe mkdir -p
configure:3461: result: /bin/mkdir -p
configure:3474: checking for gawk
configure:3490: found /bin/gawk
configure:3501: result: gawk
configure:3512: checking whether make sets $(MAKE)
configure:3534: result: yes
configure:3609: checking how to create a ustar tar archive
configure:3622: tar --version
tar (GNU tar) 1.26
Copyright (C) 2011 Free Software Foundation, Inc.
License GPLv3+: GNU GPL version 3 or later <http://gnu.org/licenses/gpl.html>.
This is free software: you are free to change and redistribute it.
There is NO WARRANTY, to the extent permitted by law.

Written by John Gilmore and Jay Fenlason.
configure:3625: $? = 0
configure:3665: tardir=conftest.dir && eval tar --format=ustar -chf - "$tardir" >conftest.tar
configure:3668: $? = 0
configure:3672: tar -xf - <conftest.tar
configure:3675: $? = 0
configure:3688: result: gnutar
configure:4280: checking for x86_64-conda-linux-gnu-cc
configure:4307: result: icc
configure:4382: checking for C compiler version
configure:4391: icc --version >&5
icc (ICC) 2021.1.2 20201208
Copyright (C) 1985-2020 Intel Corporation.  All rights reserved.

configure:4402: $? = 0
configure:4391: icc -v >&5
icc version 2021.1.2 (gcc version 4.8.5 compatibility)
configure:4402: $? = 0
configure:4391: icc -V >&5
Intel(R) C Intel(R) 64 Compiler Classic for applications running on Intel(R) 64, Version 2021.1.2 Build 20201208_000000
Copyright (C) 1985-2020 Intel Corporation.  All rights reserved.

configure:4402: $? = 0
configure:4391: icc -qversion >&5
icc: command line warning #10006: ignoring unknown option '-qversion'
icc: command line error: no files specified; for help type "icc -help"
configure:4402: $? = 1
configure:4422: checking whether the C compiler works
configure:4444: icc  -DMKL  conftest.c -lmkl_intel_lp64 -lmkl_sequential -lmkl_core -lpthread -lm -ldl >&5
configure:4448: $? = 0
configure:4496: result: yes
configure:4499: checking for C compiler default output file name
configure:4501: result: a.out
configure:4507: checking for suffix of executables
configure:4514: icc -o conftest  -DMKL  conftest.c -lmkl_intel_lp64 -lmkl_sequential -lmkl_core -lpthread -lm -ldl >&5
configure:4518: $? = 0
configure:4540: result: 
configure:4562: checking whether we are cross compiling
configure:4570: icc -o conftest  -DMKL  conftest.c -lmkl_intel_lp64 -lmkl_sequential -lmkl_core -lpthread -lm -ldl >&5
configure:4574: $? = 0
configure:4581: ./conftest
configure:4585: $? = 0
configure:4600: result: no
configure:4605: checking for suffix of object files
configure:4627: icc -c  -DMKL conftest.c >&5
configure:4631: $? = 0
configure:4652: result: o
configure:4656: checking whether we are using the GNU C compiler
configure:4675: icc -c  -DMKL conftest.c >&5
configure:4675: $? = 0
configure:4684: result: yes
configure:4693: checking whether icc accepts -g
configure:4713: icc -c -g -DMKL conftest.c >&5
configure:4713: $? = 0
configure:4754: result: yes
configure:4771: checking for icc option to accept ISO C89
configure:4834: icc  -c  -DMKL conftest.c >&5
configure:4834: $? = 0
configure:4847: result: none needed
configure:4878: checking for style of include used by make
configure:4906: result: GNU
configure:4931: checking dependency style of icc
configure:5041: result: gcc3
configure:5300: checking dependency style of icc
configure:5408: result: gcc3
configure:5434: checking for mpxlc
configure:5464: result: no
configure:5434: checking for mpicc
configure:5450: found /opt/intel/oneapi/mpi/2021.1.1/bin/mpicc
configure:5461: result: mpicc
configure:5476: checking whether the MPI cc command works
configure:5490: mpicc -o conftest  -DMKL  conftest.c -lmkl_intel_lp64 -lmkl_sequential -lmkl_core -lpthread -lm -ldl >&5
configure:5490: $? = 0
configure:5491: result: yes
configure:5508: checking for MPI_IN_PLACE in collective operations
configure:5528: mpicc -c  -DMKL conftest.c >&5
configure:5528: $? = 0
configure:5530: result: yes
configure:5549: checking for catamount
configure:5567: mpicc -c  -DMKL conftest.c >&5
conftest.c:24:2: error: #error not catamount
 #error not catamount
  ^
configure:5567: $? = 1
configure: failed program was:
| /* confdefs.h */
| #define PACKAGE_NAME "gromacs"
| #define PACKAGE_TARNAME "gromacs"
| #define PACKAGE_VERSION "4.5.3"
| #define PACKAGE_STRING "gromacs 4.5.3"
| #define PACKAGE_BUGREPORT "gmx-users@gromacs.org"
| #define PACKAGE_URL ""
| #define PACKAGE "gromacs"
| #define VERSION "4.5.3"
| #define GMX_DOUBLE /**/
| #define GMX_SOFTWARE_INVSQRT /**/
| #define GMX_QMMM_GAUSSIAN /**/
| #define GMX_QMMM_ORCA /**/
| #define BUILD_TIME "Fri Sep 15 11:27:03 CEST 2023"
| #define BUILD_USER "ggroenh@soleus.ftmc.uam.es"
| #define BUILD_MACHINE "Linux 3.10.0-1160.15.2.el7.x86_64 x86_64"
| #define GMX_MPI /**/
| #define GMX_LIB_MPI /**/
| #define MPI_IN_PLACE_EXISTS /**/
| /* end confdefs.h.  */
| 
| #if defined __QK_USER__
| #else
| #error not catamount
| #endif
| 
| int
| main ()
| {
| 
|   ;
|   return 0;
| }
configure:5589: result: no
configure:6307: checking how to run the C preprocessor
configure:6377: result: /share/apps/anaconda/ju2/bin/x86_64-conda-linux-gnu-cpp
configure:6397: /share/apps/anaconda/ju2/bin/x86_64-conda-linux-gnu-cpp -DMKL conftest.c
configure:6397: $? = 0
configure:6411: /share/apps/anaconda/ju2/bin/x86_64-conda-linux-gnu-cpp -DMKL conftest.c
conftest.c:23:10: fatal error: ac_nonexistent.h: No such file or directory
   23 | #include <ac_nonexistent.h>
      |          ^~~~~~~~~~~~~~~~~~
compilation terminated.
configure:6411: $? = 1
configure: failed program was:
| /* confdefs.h */
| #define PACKAGE_NAME "gromacs"
| #define PACKAGE_TARNAME "gromacs"
| #define PACKAGE_VERSION "4.5.3"
| #define PACKAGE_STRING "gromacs 4.5.3"
| #define PACKAGE_BUGREPORT "gmx-users@gromacs.org"
| #define PACKAGE_URL ""
| #define PACKAGE "gromacs"
| #define VERSION "4.5.3"
| #define GMX_DOUBLE /**/
| #define GMX_SOFTWARE_INVSQRT /**/
| #define GMX_QMMM_GAUSSIAN /**/
| #define GMX_QMMM_ORCA /**/
| #define BUILD_TIME "Fri Sep 15 11:27:03 CEST 2023"
| #define BUILD_USER "ggroenh@soleus.ftmc.uam.es"
| #define BUILD_MACHINE "Linux 3.10.0-1160.15.2.el7.x86_64 x86_64"
| #define GMX_MPI /**/
| #define GMX_LIB_MPI /**/
| #define MPI_IN_PLACE_EXISTS /**/
| #define F77_OR_C_FUNC(name,NAME) name
| #define F77_OR_C_FUNC_(name,NAME) name
| /* end confdefs.h.  */
| #include <ac_nonexistent.h>
configure:6440: checking for grep that handles long lines and -e
configure:6498: result: /bin/grep
configure:6503: checking for egrep
configure:6565: result: /bin/grep -E
configure:6570: checking whether ln -s works
configure:6574: result: yes
configure:6969: checking whether mpicc accepts -O3
configure:6987: result: yes
configure:7267: checking whether mpicc accepts -msse2
configure:7285: result: yes
configure:7299: checking whether mpicc accepts -funroll-all-loops
configure:7317: result: yes
configure:7329: checking whether mpicc accepts -std=gnu99
configure:7347: result: yes
configure:7362: checking whether mpicc accepts -fexcess-precision=fast
configure:7380: result: yes
configure:8162: checking whether byte ordering is bigendian
configure:8177: mpicc -c  -DMKL conftest.c >&5
conftest.c:24:9: error: unknown type name 'not'
         not a universal capable compiler
         ^
conftest.c:24:15: error: expected '=', ',', ';', 'asm' or '__attribute__' before 'universal'
         not a universal capable compiler
               ^
conftest.c:24:15: error: unknown type name 'universal'
configure:8177: $? = 1
configure: failed program was:
| /* confdefs.h */
| #define PACKAGE_NAME "gromacs"
| #define PACKAGE_TARNAME "gromacs"
| #define PACKAGE_VERSION "4.5.3"
| #define PACKAGE_STRING "gromacs 4.5.3"
| #define PACKAGE_BUGREPORT "gmx-users@gromacs.org"
| #define PACKAGE_URL ""
| #define PACKAGE "gromacs"
| #define VERSION "4.5.3"
| #define GMX_DOUBLE /**/
| #define GMX_SOFTWARE_INVSQRT /**/
| #define GMX_QMMM_GAUSSIAN /**/
| #define GMX_QMMM_ORCA /**/
| #define BUILD_TIME "Fri Sep 15 11:27:03 CEST 2023"
| #define BUILD_USER "ggroenh@soleus.ftmc.uam.es"
| #define BUILD_MACHINE "Linux 3.10.0-1160.15.2.el7.x86_64 x86_64"
| #define GMX_MPI /**/
| #define GMX_LIB_MPI /**/
| #define MPI_IN_PLACE_EXISTS /**/
| #define F77_OR_C_FUNC(name,NAME) name
| #define F77_OR_C_FUNC_(name,NAME) name
| /* end confdefs.h.  */
| #ifndef __APPLE_CC__
| 	       not a universal capable compiler
| 	     #endif
| 	     typedef int dummy;
| 
configure:8230: mpicc -c  -DMKL conftest.c >&5
configure:8230: $? = 0
configure:8256: mpicc -c  -DMKL conftest.c >&5
conftest.c: In function 'main':
conftest.c:38:4: error: unknown type name 'not'
    not big endian
    ^
conftest.c:38:12: error: expected '=', ',', ';', 'asm' or '__attribute__' before 'endian'
    not big endian
            ^
configure:8256: $? = 1
configure: failed program was:
| /* confdefs.h */
| #define PACKAGE_NAME "gromacs"
| #define PACKAGE_TARNAME "gromacs"
| #define PACKAGE_VERSION "4.5.3"
| #define PACKAGE_STRING "gromacs 4.5.3"
| #define PACKAGE_BUGREPORT "gmx-users@gromacs.org"
| #define PACKAGE_URL ""
| #define PACKAGE "gromacs"
| #define VERSION "4.5.3"
| #define GMX_DOUBLE /**/
| #define GMX_SOFTWARE_INVSQRT /**/
| #define GMX_QMMM_GAUSSIAN /**/
| #define GMX_QMMM_ORCA /**/
| #define BUILD_TIME "Fri Sep 15 11:27:03 CEST 2023"
| #define BUILD_USER "ggroenh@soleus.ftmc.uam.es"
| #define BUILD_MACHINE "Linux 3.10.0-1160.15.2.el7.x86_64 x86_64"
| #define GMX_MPI /**/
| #define GMX_LIB_MPI /**/
| #define MPI_IN_PLACE_EXISTS /**/
| #define F77_OR_C_FUNC(name,NAME) name
| #define F77_OR_C_FUNC_(name,NAME) name
| /* end confdefs.h.  */
| #include <sys/types.h>
| 		#include <sys/param.h>
| 
| #ifdef F77_DUMMY_MAIN
| 
| #  ifdef __cplusplus
|      extern "C"
| #  endif
|    int F77_DUMMY_MAIN() { return 1; }
| 
| #endif
| int
| main ()
| {
| #if BYTE_ORDER != BIG_ENDIAN
| 		 not big endian
| 		#endif
| 
|   ;
|   return 0;
| }
configure:8416: result: no
configure:8441: checking that size_t can hold pointers
configure:8465: mpicc -c  -DMKL conftest.c >&5
configure:8465: $? = 0
configure:8466: result: yes
configure:8478: checking for SIGUSR1
configure:8499: mpicc -c  -DMKL conftest.c >&5
configure:8499: $? = 0
configure:8501: result: yes
configure:8516: checking for pipes
configure:8539: mpicc -c  -DMKL conftest.c >&5
configure:8539: $? = 0
configure:8541: result: yes
configure:8558: checking floating-point format
configure:8579: mpicc -c  -DMKL conftest.c >&5
configure:8582: $? = 0
configure:8610: result: IEEE754 (little-endian byte and word order)
configure:8666: checking whether ln -s works
configure:8670: result: yes
configure:8677: checking whether make sets $(MAKE)
configure:8699: result: yes
configure:8760: checking for a sed that does not truncate output
configure:8814: result: /bin/sed
configure:8828: checking for ld used by mpicc
configure:8895: result: /share/apps/anaconda/ju2/bin/x86_64-conda-linux-gnu-ld
configure:8902: checking if the linker (/share/apps/anaconda/ju2/bin/x86_64-conda-linux-gnu-ld) is GNU ld
configure:8917: result: yes
configure:8922: checking for /share/apps/anaconda/ju2/bin/x86_64-conda-linux-gnu-ld option to reload object files
configure:8929: result: -r
configure:8947: checking for BSD-compatible nm
configure:8996: result: /share/apps/anaconda/ju2/bin/x86_64-conda-linux-gnu-nm
configure:9000: checking how to recognise dependent libraries
configure:9176: result: pass_all
configure:9263: mpicc -c  -DMKL conftest.c >&5
configure:9266: $? = 0
configure:9667: checking dlfcn.h usability
configure:9667: mpicc -c  -DMKL conftest.c >&5
configure:9667: $? = 0
configure:9667: result: yes
configure:9667: checking dlfcn.h presence
configure:9667: /share/apps/anaconda/ju2/bin/x86_64-conda-linux-gnu-cpp -DMKL conftest.c
configure:9667: $? = 0
configure:9667: result: yes
configure:9667: checking for dlfcn.h
configure:9667: result: yes
configure:9789: checking for C++ compiler version
configure:9798: mpicc --version >&5
gcc (GCC) 4.8.5 20150623 (Red Hat 4.8.5-44)
Copyright (C) 2015 Free Software Foundation, Inc.
This is free software; see the source for copying conditions.  There is NO
warranty; not even for MERCHANTABILITY or FITNESS FOR A PARTICULAR PURPOSE.

configure:9809: $? = 0
configure:9798: mpicc -v >&5
mpigcc for the Intel(R) MPI Library 2021.1 for Linux*
Copyright 2003-2020, Intel Corporation.
Using built-in specs.
COLLECT_GCC=gcc
COLLECT_LTO_WRAPPER=/usr/libexec/gcc/x86_64-redhat-linux/4.8.5/lto-wrapper
Target: x86_64-redhat-linux
Configured with: ../configure --prefix=/usr --mandir=/usr/share/man --infodir=/usr/share/info --with-bugurl=http://bugzilla.redhat.com/bugzilla --enable-bootstrap --enable-shared --enable-threads=posix --enable-checking=release --with-system-zlib --enable-__cxa_atexit --disable-libunwind-exceptions --enable-gnu-unique-object --enable-linker-build-id --with-linker-hash-style=gnu --enable-languages=c,c++,objc,obj-c++,java,fortran,ada,go,lto --enable-plugin --enable-initfini-array --disable-libgcj --with-isl=/builddir/build/BUILD/gcc-4.8.5-20150702/obj-x86_64-redhat-linux/isl-install --with-cloog=/builddir/build/BUILD/gcc-4.8.5-20150702/obj-x86_64-redhat-linux/cloog-install --enable-gnu-indirect-function --with-tune=generic --with-arch_32=x86-64 --build=x86_64-redhat-linux
Thread model: posix
gcc version 4.8.5 20150623 (Red Hat 4.8.5-44) (GCC) 
configure:9809: $? = 0
configure:9798: mpicc -V >&5
gcc: error: unrecognized command line option '-V'
configure:9809: $? = 1
configure:9798: mpicc -qversion >&5
gcc: error: unrecognized command line option '-qversion'
configure:9809: $? = 1
configure:9813: checking whether we are using the GNU C++ compiler
configure:9840: mpicc -c -fvisibility-inlines-hidden -std=c++17 -fmessage-length=0 -march=nocona -mtune=haswell -ftree-vectorize -fPIC -fstack-protector-strong -fno-plt -O2 -ffunction-sections -pipe -isystem /share/apps/anaconda/ju2/include -DMKL conftest.cpp >&5
gcc: error: unrecognized command line option '-std=c++17'
gcc: error: unrecognized command line option '-fno-plt'
configure:9840: $? = 1
configure: failed program was:
| /* confdefs.h */
| #define PACKAGE_NAME "gromacs"
| #define PACKAGE_TARNAME "gromacs"
| #define PACKAGE_VERSION "4.5.3"
| #define PACKAGE_STRING "gromacs 4.5.3"
| #define PACKAGE_BUGREPORT "gmx-users@gromacs.org"
| #define PACKAGE_URL ""
| #define PACKAGE "gromacs"
| #define VERSION "4.5.3"
| #define GMX_DOUBLE /**/
| #define GMX_SOFTWARE_INVSQRT /**/
| #define GMX_QMMM_GAUSSIAN /**/
| #define GMX_QMMM_ORCA /**/
| #define BUILD_TIME "Fri Sep 15 11:27:03 CEST 2023"
| #define BUILD_USER "ggroenh@soleus.ftmc.uam.es"
| #define BUILD_MACHINE "Linux 3.10.0-1160.15.2.el7.x86_64 x86_64"
| #define GMX_MPI /**/
| #define GMX_LIB_MPI /**/
| #define MPI_IN_PLACE_EXISTS /**/
| #define F77_OR_C_FUNC(name,NAME) name
| #define F77_OR_C_FUNC_(name,NAME) name
| #define HAVE_SIGUSR1 /**/
| #define HAVE_PIPES /**/
| #define FLOAT_FORMAT_IEEE754 /**/
| #define HAVE_DLFCN_H 1
| /* end confdefs.h.  */
| 
| #ifdef F77_DUMMY_MAIN
| 
| #  ifdef __cplusplus
|      extern "C"
| #  endif
|    int F77_DUMMY_MAIN() { return 1; }
| 
| #endif
| int
| main ()
| {
| #ifndef __GNUC__
|        choke me
| #endif
| 
|   ;
|   return 0;
| }
configure:9849: result: no
configure:9858: checking whether mpicc accepts -g
configure:9886: mpicc -c -g -DMKL conftest.cpp >&5
configure:9886: $? = 0
configure:9943: result: yes
configure:9968: checking dependency style of mpicc
configure:10078: result: gcc3
configure:10103: checking how to run the C++ preprocessor
configure:10130: mpicc -E -DMKL conftest.cpp
configure:10130: $? = 0
configure:10144: mpicc -E -DMKL conftest.cpp
conftest.cpp:27:28: fatal error: ac_nonexistent.h: No such file or directory
 #include <ac_nonexistent.h>
                            ^
compilation terminated.
configure:10144: $? = 1
configure: failed program was:
| /* confdefs.h */
| #define PACKAGE_NAME "gromacs"
| #define PACKAGE_TARNAME "gromacs"
| #define PACKAGE_VERSION "4.5.3"
| #define PACKAGE_STRING "gromacs 4.5.3"
| #define PACKAGE_BUGREPORT "gmx-users@gromacs.org"
| #define PACKAGE_URL ""
| #define PACKAGE "gromacs"
| #define VERSION "4.5.3"
| #define GMX_DOUBLE /**/
| #define GMX_SOFTWARE_INVSQRT /**/
| #define GMX_QMMM_GAUSSIAN /**/
| #define GMX_QMMM_ORCA /**/
| #define BUILD_TIME "Fri Sep 15 11:27:03 CEST 2023"
| #define BUILD_USER "ggroenh@soleus.ftmc.uam.es"
| #define BUILD_MACHINE "Linux 3.10.0-1160.15.2.el7.x86_64 x86_64"
| #define GMX_MPI /**/
| #define GMX_LIB_MPI /**/
| #define MPI_IN_PLACE_EXISTS /**/
| #define F77_OR_C_FUNC(name,NAME) name
| #define F77_OR_C_FUNC_(name,NAME) name
| #define HAVE_SIGUSR1 /**/
| #define HAVE_PIPES /**/
| #define FLOAT_FORMAT_IEEE754 /**/
| #define HAVE_DLFCN_H 1
| /* end confdefs.h.  */
| #include <ac_nonexistent.h>
configure:10169: result: mpicc -E
configure:10189: mpicc -E -DMKL conftest.cpp
configure:10189: $? = 0
configure:10203: mpicc -E -DMKL conftest.cpp
conftest.cpp:27:28: fatal error: ac_nonexistent.h: No such file or directory
 #include <ac_nonexistent.h>
                            ^
compilation terminated.
configure:10203: $? = 1
configure: failed program was:
| /* confdefs.h */
| #define PACKAGE_NAME "gromacs"
| #define PACKAGE_TARNAME "gromacs"
| #define PACKAGE_VERSION "4.5.3"
| #define PACKAGE_STRING "gromacs 4.5.3"
| #define PACKAGE_BUGREPORT "gmx-users@gromacs.org"
| #define PACKAGE_URL ""
| #define PACKAGE "gromacs"
| #define VERSION "4.5.3"
| #define GMX_DOUBLE /**/
| #define GMX_SOFTWARE_INVSQRT /**/
| #define GMX_QMMM_GAUSSIAN /**/
| #define GMX_QMMM_ORCA /**/
| #define BUILD_TIME "Fri Sep 15 11:27:03 CEST 2023"
| #define BUILD_USER "ggroenh@soleus.ftmc.uam.es"
| #define BUILD_MACHINE "Linux 3.10.0-1160.15.2.el7.x86_64 x86_64"
| #define GMX_MPI /**/
| #define GMX_LIB_MPI /**/
| #define MPI_IN_PLACE_EXISTS /**/
| #define F77_OR_C_FUNC(name,NAME) name
| #define F77_OR_C_FUNC_(name,NAME) name
| #define HAVE_SIGUSR1 /**/
| #define HAVE_PIPES /**/
| #define FLOAT_FORMAT_IEEE754 /**/
| #define HAVE_DLFCN_H 1
| /* end confdefs.h.  */
| #include <ac_nonexistent.h>
configure:10238: checking the maximum length of command line arguments
configure:10347: result: 32768
configure:10358: checking command to parse /share/apps/anaconda/ju2/bin/x86_64-conda-linux-gnu-nm output from mpicc object
configure:10463: mpicc -c -fvisibility-inlines-hidden -std=c++17 -fmessage-length=0 -march=nocona -mtune=haswell -ftree-vectorize -fPIC -fstack-protector-strong -fno-plt -O2 -ffunction-sections -pipe -isystem /share/apps/anaconda/ju2/include -DMKL conftest.cpp >&5
gcc: error: unrecognized command line option '-std=c++17'
gcc: error: unrecognized command line option '-fno-plt'
configure:10466: $? = 1
: failed program was:
#ifdef __cplusplus
extern "C" {
#endif
char nm_test_var;
void nm_test_func(){}
#ifdef __cplusplus
}
#endif
int main(){nm_test_var='a';nm_test_func();return(0);}
configure:10463: mpicc -c -fvisibility-inlines-hidden -std=c++17 -fmessage-length=0 -march=nocona -mtune=haswell -ftree-vectorize -fPIC -fstack-protector-strong -fno-plt -O2 -ffunction-sections -pipe -isystem /share/apps/anaconda/ju2/include -DMKL conftest.cpp >&5
gcc: error: unrecognized command line option '-std=c++17'
gcc: error: unrecognized command line option '-fno-plt'
configure:10466: $? = 1
: failed program was:
#ifdef __cplusplus
extern "C" {
#endif
char nm_test_var;
void nm_test_func(){}
#ifdef __cplusplus
}
#endif
int main(){nm_test_var='a';nm_test_func();return(0);}
configure:10563: result: failed
configure:10570: checking for objdir
configure:10585: result: .libs
configure:10637: checking for x86_64-conda-linux-gnu-ar
configure:10664: result: /share/apps/anaconda/ju2/bin/x86_64-conda-linux-gnu-ar
configure:10729: checking for x86_64-conda-linux-gnu-ranlib
configure:10756: result: /share/apps/anaconda/ju2/bin/x86_64-conda-linux-gnu-ranlib
configure:10821: checking for x86_64-conda-linux-gnu-strip
configure:10848: result: /share/apps/anaconda/ju2/bin/x86_64-conda-linux-gnu-strip
configure:11174: checking if mpicc supports -fno-rtti -fno-exceptions
configure:11192: mpicc -c  -DMKL -fno-rtti -fno-exceptions conftest.c >&5
cc1: warning: command line option '-fno-rtti' is valid for C++/ObjC++ but not for C [enabled by default]
configure:11196: $? = 0
configure:11209: result: no
configure:11224: checking for mpicc option to produce PIC
configure:11434: result: -fPIC
configure:11442: checking if mpicc PIC flag -fPIC works
configure:11460: mpicc -c  -DMKL -fPIC -DPIC conftest.c >&5
configure:11464: $? = 0
configure:11477: result: yes
configure:11505: checking if mpicc static flag -static works
configure:11533: result: yes
configure:11543: checking if mpicc supports -c -o file.o
configure:11564: mpicc -c  -DMKL -o out/conftest2.o conftest.c >&5
configure:11568: $? = 0
configure:11590: result: yes
configure:11616: checking whether the mpicc linker (/share/apps/anaconda/ju2/bin/x86_64-conda-linux-gnu-ld -m elf_x86_64) supports shared libraries
configure:12532: result: yes
configure:12599: checking dynamic linker characteristics
configure:13187: result: GNU/Linux ld.so
configure:13196: checking how to hardcode library paths into programs
configure:13221: result: immediate
configure:13235: checking whether stripping libraries is possible
configure:13240: result: yes
configure:13346: checking for shl_load
configure:13346: mpicc -o conftest  -DMKL  conftest.c -lmkl_intel_lp64 -lmkl_sequential -lmkl_core -lpthread -lm -ldl >&5
/tmp/cczRyuqB.o: In function `main':
conftest.c:(.text+0xa): undefined reference to `shl_load'
collect2: error: ld returned 1 exit status
configure:13346: $? = 1
configure: failed program was:
| /* confdefs.h */
| #define PACKAGE_NAME "gromacs"
| #define PACKAGE_TARNAME "gromacs"
| #define PACKAGE_VERSION "4.5.3"
| #define PACKAGE_STRING "gromacs 4.5.3"
| #define PACKAGE_BUGREPORT "gmx-users@gromacs.org"
| #define PACKAGE_URL ""
| #define PACKAGE "gromacs"
| #define VERSION "4.5.3"
| #define GMX_DOUBLE /**/
| #define GMX_SOFTWARE_INVSQRT /**/
| #define GMX_QMMM_GAUSSIAN /**/
| #define GMX_QMMM_ORCA /**/
| #define BUILD_TIME "Fri Sep 15 11:27:03 CEST 2023"
| #define BUILD_USER "ggroenh@soleus.ftmc.uam.es"
| #define BUILD_MACHINE "Linux 3.10.0-1160.15.2.el7.x86_64 x86_64"
| #define GMX_MPI /**/
| #define GMX_LIB_MPI /**/
| #define MPI_IN_PLACE_EXISTS /**/
| #define F77_OR_C_FUNC(name,NAME) name
| #define F77_OR_C_FUNC_(name,NAME) name
| #define HAVE_SIGUSR1 /**/
| #define HAVE_PIPES /**/
| #define FLOAT_FORMAT_IEEE754 /**/
| #define HAVE_DLFCN_H 1
| /* end confdefs.h.  */
| /* Define shl_load to an innocuous variant, in case <limits.h> declares shl_load.
|    For example, HP-UX 11i <limits.h> declares gettimeofday.  */
| #define shl_load innocuous_shl_load
| 
| /* System header to define __stub macros and hopefully few prototypes,
|     which can conflict with char shl_load (); below.
|     Prefer <limits.h> to <assert.h> if __STDC__ is defined, since
|     <limits.h> exists even on freestanding compilers.  */
| 
| #ifdef __STDC__
| # include <limits.h>
| #else
| # include <assert.h>
| #endif
| 
| #undef shl_load
| 
| /* Override any GCC internal prototype to avoid an error.
|    Use char because int might match the return type of a GCC
|    builtin and then its argument prototype would still apply.  */
| #ifdef __cplusplus
| extern "C"
| #endif
| char shl_load ();
| /* The GNU C library defines this for functions which it implements
|     to always fail with ENOSYS.  Some functions are actually named
|     something starting with __ and the normal name is an alias.  */
| #if defined __stub_shl_load || defined __stub___shl_load
| choke me
| #endif
| 
| #ifdef F77_DUMMY_MAIN
| 
| #  ifdef __cplusplus
|      extern "C"
| #  endif
|    int F77_DUMMY_MAIN() { return 1; }
| 
| #endif
| int
| main ()
| {
| return shl_load ();
|   ;
|   return 0;
| }
configure:13346: result: no
configure:13350: checking for shl_load in -ldld
configure:13383: mpicc -o conftest  -DMKL  conftest.c -ldld  -lmkl_intel_lp64 -lmkl_sequential -lmkl_core -lpthread -lm -ldl >&5
/bin/ld: cannot find -ldld
collect2: error: ld returned 1 exit status
configure:13383: $? = 1
configure: failed program was:
| /* confdefs.h */
| #define PACKAGE_NAME "gromacs"
| #define PACKAGE_TARNAME "gromacs"
| #define PACKAGE_VERSION "4.5.3"
| #define PACKAGE_STRING "gromacs 4.5.3"
| #define PACKAGE_BUGREPORT "gmx-users@gromacs.org"
| #define PACKAGE_URL ""
| #define PACKAGE "gromacs"
| #define VERSION "4.5.3"
| #define GMX_DOUBLE /**/
| #define GMX_SOFTWARE_INVSQRT /**/
| #define GMX_QMMM_GAUSSIAN /**/
| #define GMX_QMMM_ORCA /**/
| #define BUILD_TIME "Fri Sep 15 11:27:03 CEST 2023"
| #define BUILD_USER "ggroenh@soleus.ftmc.uam.es"
| #define BUILD_MACHINE "Linux 3.10.0-1160.15.2.el7.x86_64 x86_64"
| #define GMX_MPI /**/
| #define GMX_LIB_MPI /**/
| #define MPI_IN_PLACE_EXISTS /**/
| #define F77_OR_C_FUNC(name,NAME) name
| #define F77_OR_C_FUNC_(name,NAME) name
| #define HAVE_SIGUSR1 /**/
| #define HAVE_PIPES /**/
| #define FLOAT_FORMAT_IEEE754 /**/
| #define HAVE_DLFCN_H 1
| /* end confdefs.h.  */
| 
| /* Override any GCC internal prototype to avoid an error.
|    Use char because int might match the return type of a GCC
|    builtin and then its argument prototype would still apply.  */
| #ifdef __cplusplus
| extern "C"
| #endif
| char shl_load ();
| #ifdef F77_DUMMY_MAIN
| 
| #  ifdef __cplusplus
|      extern "C"
| #  endif
|    int F77_DUMMY_MAIN() { return 1; }
| 
| #endif
| int
| main ()
| {
| return shl_load ();
|   ;
|   return 0;
| }
configure:13392: result: no
configure:13397: checking for dlopen
configure:13397: mpicc -o conftest  -DMKL  conftest.c -lmkl_intel_lp64 -lmkl_sequential -lmkl_core -lpthread -lm -ldl >&5
configure:13397: $? = 0
configure:13397: result: yes
configure:13578: checking whether a program can dlopen itself
configure:13652: mpicc -o conftest  -DMKL -DHAVE_DLFCN_H  -Wl,--export-dynamic conftest.c  -lmkl_intel_lp64 -lmkl_sequential -lmkl_core -lpthread -lm -ldl >&5
configure: In function 'main':
configure:13648:5: warning: incompatible implicit declaration of built-in function 'exit' [enabled by default]
 
     ^
configure:13655: $? = 0
configure:13673: result: yes
configure:13678: checking whether a statically linked program can dlopen itself
configure:13752: mpicc -o conftest  -DMKL -DHAVE_DLFCN_H  -Wl,--export-dynamic -static conftest.c  -lmkl_intel_lp64 -lmkl_sequential -lmkl_core -lpthread -lm -ldl >&5
configure: In function 'main':
configure:13748:5: warning: incompatible implicit declaration of built-in function 'exit' [enabled by default]
 
     ^
configure:13755: $? = 0
configure:13773: result: yes
configure:13797: checking if libtool supports shared libraries
configure:13799: result: yes
configure:13802: checking whether to build shared libraries
configure:13823: result: no
configure:13826: checking whether to build static libraries
configure:13830: result: yes
configure:13922: creating libtool
configure:14646: checking whether the mpicc linker (/share/apps/anaconda/ju2/bin/x86_64-conda-linux-gnu-ld -m elf_x86_64) supports shared libraries
configure:15542: result: yes
configure:15564: mpicc -c -fvisibility-inlines-hidden -std=c++17 -fmessage-length=0 -march=nocona -mtune=haswell -ftree-vectorize -fPIC -fstack-protector-strong -fno-plt -O2 -ffunction-sections -pipe -isystem /share/apps/anaconda/ju2/include -DMKL conftest.cpp >&5
gcc: error: unrecognized command line option '-std=c++17'
gcc: error: unrecognized command line option '-fno-plt'
configure:15567: $? = 1
configure:15686: checking for mpicc option to produce PIC
configure:15960: result: 
configure:16031: checking if mpicc static flag  works
configure:16059: result: no
configure:16069: checking if mpicc supports -c -o file.o
configure:16090: mpicc -c -fvisibility-inlines-hidden -std=c++17 -fmessage-length=0 -march=nocona -mtune=haswell -ftree-vectorize -fPIC -fstack-protector-strong -fno-plt -O2 -ffunction-sections -pipe -isystem /share/apps/anaconda/ju2/include -DMKL -o out/conftest2.o conftest.cpp >&5
gcc: error: unrecognized command line option '-std=c++17'
gcc: error: unrecognized command line option '-fno-plt'
configure:16094: $? = 1
configure:16116: result: no
configure:16142: checking whether the mpicc linker (/share/apps/anaconda/ju2/bin/x86_64-conda-linux-gnu-ld -m elf_x86_64) supports shared libraries
configure:16167: result: yes
configure:16234: checking dynamic linker characteristics
configure:16822: result: GNU/Linux ld.so
configure:16831: checking how to hardcode library paths into programs
configure:16856: result: unsupported
configure:22919: checking for special C compiler options needed for large files
configure:22972: result: no
configure:22978: checking for _FILE_OFFSET_BITS value needed for large files
configure:23011: mpicc -c  -DMKL conftest.c >&5
configure:23011: $? = 0
configure:23051: result: no
configure:23155: checking for _LARGEFILE_SOURCE value needed for large files
configure:23182: mpicc -o conftest  -DMKL  conftest.c -lmkl_intel_lp64 -lmkl_sequential -lmkl_core -lpthread -lm -ldl >&5
configure:23182: $? = 0
configure:23218: result: no
configure:23253: checking for sqrt in -lm
configure:23286: mpicc -o conftest  -DMKL  conftest.c -lm  -lmkl_intel_lp64 -lmkl_sequential -lmkl_core -lpthread -lm -ldl >&5
conftest.c:35:6: warning: conflicting types for built-in function 'sqrt' [enabled by default]
 char sqrt ();
      ^
configure:23286: $? = 0
configure:23295: result: yes
configure:24098: checking for mkl_dfti.h
configure:24119: mpicc -c  -DMKL conftest.c >&5
configure:24119: $? = 0
configure:24120: result: yes
configure:24132: checking for DftiComputeForward in -lmkl
configure:24165: mpicc -o conftest  -DMKL  conftest.c -lmkl  -lm -lmkl_intel_lp64 -lmkl_sequential -lmkl_core -lpthread -lm -ldl >&5
/bin/ld: cannot find -lmkl
collect2: error: ld returned 1 exit status
configure:24165: $? = 1
configure: failed program was:
| /* confdefs.h */
| #define PACKAGE_NAME "gromacs"
| #define PACKAGE_TARNAME "gromacs"
| #define PACKAGE_VERSION "4.5.3"
| #define PACKAGE_STRING "gromacs 4.5.3"
| #define PACKAGE_BUGREPORT "gmx-users@gromacs.org"
| #define PACKAGE_URL ""
| #define PACKAGE "gromacs"
| #define VERSION "4.5.3"
| #define GMX_DOUBLE /**/
| #define GMX_SOFTWARE_INVSQRT /**/
| #define GMX_QMMM_GAUSSIAN /**/
| #define GMX_QMMM_ORCA /**/
| #define BUILD_TIME "Fri Sep 15 11:27:03 CEST 2023"
| #define BUILD_USER "ggroenh@soleus.ftmc.uam.es"
| #define BUILD_MACHINE "Linux 3.10.0-1160.15.2.el7.x86_64 x86_64"
| #define GMX_MPI /**/
| #define GMX_LIB_MPI /**/
| #define MPI_IN_PLACE_EXISTS /**/
| #define F77_OR_C_FUNC(name,NAME) name
| #define F77_OR_C_FUNC_(name,NAME) name
| #define HAVE_SIGUSR1 /**/
| #define HAVE_PIPES /**/
| #define FLOAT_FORMAT_IEEE754 /**/
| #define HAVE_DLFCN_H 1
| #define HAVE_FSEEKO 1
| #define HAVE_LIBM 1
| /* end confdefs.h.  */
| 
| /* Override any GCC internal prototype to avoid an error.
|    Use char because int might match the return type of a GCC
|    builtin and then its argument prototype would still apply.  */
| #ifdef __cplusplus
| extern "C"
| #endif
| char DftiComputeForward ();
| #ifdef F77_DUMMY_MAIN
| 
| #  ifdef __cplusplus
|      extern "C"
| #  endif
|    int F77_DUMMY_MAIN() { return 1; }
| 
| #endif
| int
| main ()
| {
| return DftiComputeForward ();
|   ;
|   return 0;
| }
configure:24174: result: no
configure:24191: checking for DftiComputeForward in -lmkl_intel_lp64
configure:24224: mpicc -o conftest  -DMKL  conftest.c -lmkl_intel_lp64  -lm -lmkl_intel_lp64 -lmkl_sequential -lmkl_core -lpthread -lm -ldl -liomp5 -lmkl_sequential -lmkl_core >&5
configure:24224: $? = 0
configure:24233: result: yes
configure:24357: checking rpc/rpc.h usability
configure:24357: mpicc -c  -DMKL conftest.c >&5
configure:24357: $? = 0
configure:24357: result: yes
configure:24357: checking rpc/rpc.h presence
configure:24357: /share/apps/anaconda/ju2/bin/x86_64-conda-linux-gnu-cpp -DMKL conftest.c
configure:24357: $? = 0
configure:24357: result: yes
configure:24357: checking for rpc/rpc.h
configure:24357: result: yes
configure:24369: checking for rpc/xdr.h
configure:24369: mpicc -c  -DMKL conftest.c >&5
configure:24369: $? = 0
configure:24369: result: yes
configure:24383: checking for xdr_float in -lnsl
configure:24416: mpicc -o conftest  -DMKL  conftest.c -lnsl  -lm -lmkl_intel_lp64 -lmkl_sequential -lmkl_core -lpthread -lm -ldl >&5
configure:24416: $? = 0
configure:24425: result: yes
configure:24466: mpicc -o conftest  -DMKL  conftest.c -lnsl -lm -lmkl_intel_lp64 -lmkl_sequential -lmkl_core -lpthread -lm -ldl >&5
configure:24466: $? = 0
configure:24491: checking limits.h usability
configure:24491: mpicc -c  -DMKL conftest.c >&5
configure:24491: $? = 0
configure:24491: result: yes
configure:24491: checking limits.h presence
configure:24491: /share/apps/anaconda/ju2/bin/x86_64-conda-linux-gnu-cpp -DMKL conftest.c
configure:24491: $? = 0
configure:24491: result: yes
configure:24491: checking for limits.h
configure:24491: result: yes
configure:24491: checking unistd.h usability
configure:24491: mpicc -c  -DMKL conftest.c >&5
configure:24491: $? = 0
configure:24491: result: yes
configure:24491: checking unistd.h presence
configure:24491: /share/apps/anaconda/ju2/bin/x86_64-conda-linux-gnu-cpp -DMKL conftest.c
configure:24491: $? = 0
configure:24491: result: yes
configure:24491: checking for unistd.h
configure:24491: result: yes
configure:24505: checking for unistd.h
configure:24505: result: yes
configure:24517: checking sys/types.h usability
configure:24517: mpicc -c  -DMKL conftest.c >&5
configure:24517: $? = 0
configure:24517: result: yes
configure:24517: checking sys/types.h presence
configure:24517: /share/apps/anaconda/ju2/bin/x86_64-conda-linux-gnu-cpp -DMKL conftest.c
configure:24517: $? = 0
configure:24517: result: yes
configure:24517: checking for sys/types.h
configure:24517: result: yes
configure:24529: checking sys/time.h usability
configure:24529: mpicc -c  -DMKL conftest.c >&5
configure:24529: $? = 0
configure:24529: result: yes
configure:24529: checking sys/time.h presence
configure:24529: /share/apps/anaconda/ju2/bin/x86_64-conda-linux-gnu-cpp -DMKL conftest.c
configure:24529: $? = 0
configure:24529: result: yes
configure:24529: checking for sys/time.h
configure:24529: result: yes
configure:24541: checking dirent.h usability
configure:24541: mpicc -c  -DMKL conftest.c >&5
configure:24541: $? = 0
configure:24541: result: yes
configure:24541: checking dirent.h presence
configure:24541: /share/apps/anaconda/ju2/bin/x86_64-conda-linux-gnu-cpp -DMKL conftest.c
configure:24541: $? = 0
configure:24541: result: yes
configure:24541: checking for dirent.h
configure:24541: result: yes
configure:24575: checking regex.h usability
configure:24575: mpicc -c  -DMKL conftest.c >&5
configure:24575: $? = 0
configure:24575: result: yes
configure:24575: checking regex.h presence
configure:24575: /share/apps/anaconda/ju2/bin/x86_64-conda-linux-gnu-cpp -DMKL conftest.c
configure:24575: $? = 0
configure:24575: result: yes
configure:24575: checking for regex.h
configure:24575: result: yes
configure:24602: checking for working memcmp
configure:24653: mpicc -o conftest  -DMKL  conftest.c -lnsl -lm -lmkl_intel_lp64 -lmkl_sequential -lmkl_core -lpthread -lm -ldl >&5
conftest.c: In function 'main':
conftest.c:102:2: warning: incompatible implicit declaration of built-in function 'strcpy' [enabled by default]
  strcpy (a, "--------01111111");
  ^
configure:24653: $? = 0
configure:24653: ./conftest
configure:24653: $? = 0
configure:24663: result: yes
configure:24672: checking return type of signal handlers
configure:24698: mpicc -c  -DMKL conftest.c >&5
conftest.c: In function 'main':
conftest.c:55:1: error: void value not ignored as it ought to be
 return *(signal (0, 0)) (0) == 1;
 ^
configure:24698: $? = 1
configure: failed program was:
| /* confdefs.h */
| #define PACKAGE_NAME "gromacs"
| #define PACKAGE_TARNAME "gromacs"
| #define PACKAGE_VERSION "4.5.3"
| #define PACKAGE_STRING "gromacs 4.5.3"
| #define PACKAGE_BUGREPORT "gmx-users@gromacs.org"
| #define PACKAGE_URL ""
| #define PACKAGE "gromacs"
| #define VERSION "4.5.3"
| #define GMX_DOUBLE /**/
| #define GMX_SOFTWARE_INVSQRT /**/
| #define GMX_QMMM_GAUSSIAN /**/
| #define GMX_QMMM_ORCA /**/
| #define BUILD_TIME "Fri Sep 15 11:27:03 CEST 2023"
| #define BUILD_USER "ggroenh@soleus.ftmc.uam.es"
| #define BUILD_MACHINE "Linux 3.10.0-1160.15.2.el7.x86_64 x86_64"
| #define GMX_MPI /**/
| #define GMX_LIB_MPI /**/
| #define MPI_IN_PLACE_EXISTS /**/
| #define F77_OR_C_FUNC(name,NAME) name
| #define F77_OR_C_FUNC_(name,NAME) name
| #define HAVE_SIGUSR1 /**/
| #define HAVE_PIPES /**/
| #define FLOAT_FORMAT_IEEE754 /**/
| #define HAVE_DLFCN_H 1
| #define HAVE_FSEEKO 1
| #define HAVE_LIBM 1
| #define HAVE_LIBMKL_INTEL_LP64 1
| #define GMX_FFT_MKL /**/
| #define HAVE_RPC_RPC_H 1
| #define HAVE_RPC_XDR_H 1
| #define HAVE_LIBNSL 1
| #define HAVE_LIMITS_H 1
| #define HAVE_UNISTD_H 1
| #define HAVE_UNISTD_H 1
| #define HAVE_SYS_TYPES_H 1
| #define HAVE_SYS_TIME_H 1
| #define HAVE_DIRENT_H 1
| #define HAVE_REGEX_H 1
| /* end confdefs.h.  */
| #include <sys/types.h>
| #include <signal.h>
| 
| #ifdef F77_DUMMY_MAIN
| 
| #  ifdef __cplusplus
|      extern "C"
| #  endif
|    int F77_DUMMY_MAIN() { return 1; }
| 
| #endif
| int
| main ()
| {
| return *(signal (0, 0)) (0) == 1;
|   ;
|   return 0;
| }
configure:24705: result: void
configure:24713: checking for off_t
configure:24713: mpicc -c  -DMKL conftest.c >&5
configure:24713: $? = 0
configure:24713: mpicc -c  -DMKL conftest.c >&5
conftest.c: In function 'main':
conftest.c:86:20: error: expected expression before ')' token
 if (sizeof ((off_t)))
                    ^
configure:24713: $? = 1
configure: failed program was:
| /* confdefs.h */
| #define PACKAGE_NAME "gromacs"
| #define PACKAGE_TARNAME "gromacs"
| #define PACKAGE_VERSION "4.5.3"
| #define PACKAGE_STRING "gromacs 4.5.3"
| #define PACKAGE_BUGREPORT "gmx-users@gromacs.org"
| #define PACKAGE_URL ""
| #define PACKAGE "gromacs"
| #define VERSION "4.5.3"
| #define GMX_DOUBLE /**/
| #define GMX_SOFTWARE_INVSQRT /**/
| #define GMX_QMMM_GAUSSIAN /**/
| #define GMX_QMMM_ORCA /**/
| #define BUILD_TIME "Fri Sep 15 11:27:03 CEST 2023"
| #define BUILD_USER "ggroenh@soleus.ftmc.uam.es"
| #define BUILD_MACHINE "Linux 3.10.0-1160.15.2.el7.x86_64 x86_64"
| #define GMX_MPI /**/
| #define GMX_LIB_MPI /**/
| #define MPI_IN_PLACE_EXISTS /**/
| #define F77_OR_C_FUNC(name,NAME) name
| #define F77_OR_C_FUNC_(name,NAME) name
| #define HAVE_SIGUSR1 /**/
| #define HAVE_PIPES /**/
| #define FLOAT_FORMAT_IEEE754 /**/
| #define HAVE_DLFCN_H 1
| #define HAVE_FSEEKO 1
| #define HAVE_LIBM 1
| #define HAVE_LIBMKL_INTEL_LP64 1
| #define GMX_FFT_MKL /**/
| #define HAVE_RPC_RPC_H 1
| #define HAVE_RPC_XDR_H 1
| #define HAVE_LIBNSL 1
| #define HAVE_LIMITS_H 1
| #define HAVE_UNISTD_H 1
| #define HAVE_UNISTD_H 1
| #define HAVE_SYS_TYPES_H 1
| #define HAVE_SYS_TIME_H 1
| #define HAVE_DIRENT_H 1
| #define HAVE_REGEX_H 1
| #define RETSIGTYPE void
| /* end confdefs.h.  */
| #include <stdio.h>
| #ifdef HAVE_SYS_TYPES_H
| # include <sys/types.h>
| #endif
| #ifdef HAVE_SYS_STAT_H
| # include <sys/stat.h>
| #endif
| #ifdef STDC_HEADERS
| # include <stdlib.h>
| # include <stddef.h>
| #else
| # ifdef HAVE_STDLIB_H
| #  include <stdlib.h>
| # endif
| #endif
| #ifdef HAVE_STRING_H
| # if !defined STDC_HEADERS && defined HAVE_MEMORY_H
| #  include <memory.h>
| # endif
| # include <string.h>
| #endif
| #ifdef HAVE_STRINGS_H
| # include <strings.h>
| #endif
| #ifdef HAVE_INTTYPES_H
| # include <inttypes.h>
| #endif
| #ifdef HAVE_STDINT_H
| # include <stdint.h>
| #endif
| #ifdef HAVE_UNISTD_H
| # include <unistd.h>
| #endif
| #ifdef F77_DUMMY_MAIN
| 
| #  ifdef __cplusplus
|      extern "C"
| #  endif
|    int F77_DUMMY_MAIN() { return 1; }
| 
| #endif
| int
| main ()
| {
| if (sizeof ((off_t)))
| 	    return 0;
|   ;
|   return 0;
| }
configure:24713: result: yes
configure:24726: checking for vprintf
configure:24726: mpicc -o conftest  -DMKL  conftest.c -lnsl -lm -lmkl_intel_lp64 -lmkl_sequential -lmkl_core -lpthread -lm -ldl >&5
conftest.c:65:6: warning: conflicting types for built-in function 'vprintf' [enabled by default]
 char vprintf ();
      ^
configure:24726: $? = 0
configure:24726: result: yes
configure:24732: checking for _doprnt
configure:24732: mpicc -o conftest  -DMKL  conftest.c -lnsl -lm -lmkl_intel_lp64 -lmkl_sequential -lmkl_core -lpthread -lm -ldl >&5
/tmp/ccRzQN90.o: In function `main':
conftest.c:(.text+0xa): undefined reference to `_doprnt'
collect2: error: ld returned 1 exit status
configure:24732: $? = 1
configure: failed program was:
| /* confdefs.h */
| #define PACKAGE_NAME "gromacs"
| #define PACKAGE_TARNAME "gromacs"
| #define PACKAGE_VERSION "4.5.3"
| #define PACKAGE_STRING "gromacs 4.5.3"
| #define PACKAGE_BUGREPORT "gmx-users@gromacs.org"
| #define PACKAGE_URL ""
| #define PACKAGE "gromacs"
| #define VERSION "4.5.3"
| #define GMX_DOUBLE /**/
| #define GMX_SOFTWARE_INVSQRT /**/
| #define GMX_QMMM_GAUSSIAN /**/
| #define GMX_QMMM_ORCA /**/
| #define BUILD_TIME "Fri Sep 15 11:27:03 CEST 2023"
| #define BUILD_USER "ggroenh@soleus.ftmc.uam.es"
| #define BUILD_MACHINE "Linux 3.10.0-1160.15.2.el7.x86_64 x86_64"
| #define GMX_MPI /**/
| #define GMX_LIB_MPI /**/
| #define MPI_IN_PLACE_EXISTS /**/
| #define F77_OR_C_FUNC(name,NAME) name
| #define F77_OR_C_FUNC_(name,NAME) name
| #define HAVE_SIGUSR1 /**/
| #define HAVE_PIPES /**/
| #define FLOAT_FORMAT_IEEE754 /**/
| #define HAVE_DLFCN_H 1
| #define HAVE_FSEEKO 1
| #define HAVE_LIBM 1
| #define HAVE_LIBMKL_INTEL_LP64 1
| #define GMX_FFT_MKL /**/
| #define HAVE_RPC_RPC_H 1
| #define HAVE_RPC_XDR_H 1
| #define HAVE_LIBNSL 1
| #define HAVE_LIMITS_H 1
| #define HAVE_UNISTD_H 1
| #define HAVE_UNISTD_H 1
| #define HAVE_SYS_TYPES_H 1
| #define HAVE_SYS_TIME_H 1
| #define HAVE_DIRENT_H 1
| #define HAVE_REGEX_H 1
| #define RETSIGTYPE void
| #define HAVE_VPRINTF 1
| /* end confdefs.h.  */
| /* Define _doprnt to an innocuous variant, in case <limits.h> declares _doprnt.
|    For example, HP-UX 11i <limits.h> declares gettimeofday.  */
| #define _doprnt innocuous__doprnt
| 
| /* System header to define __stub macros and hopefully few prototypes,
|     which can conflict with char _doprnt (); below.
|     Prefer <limits.h> to <assert.h> if __STDC__ is defined, since
|     <limits.h> exists even on freestanding compilers.  */
| 
| #ifdef __STDC__
| # include <limits.h>
| #else
| # include <assert.h>
| #endif
| 
| #undef _doprnt
| 
| /* Override any GCC internal prototype to avoid an error.
|    Use char because int might match the return type of a GCC
|    builtin and then its argument prototype would still apply.  */
| #ifdef __cplusplus
| extern "C"
| #endif
| char _doprnt ();
| /* The GNU C library defines this for functions which it implements
|     to always fail with ENOSYS.  Some functions are actually named
|     something starting with __ and the normal name is an alias.  */
| #if defined __stub__doprnt || defined __stub____doprnt
| choke me
| #endif
| 
| #ifdef F77_DUMMY_MAIN
| 
| #  ifdef __cplusplus
|      extern "C"
| #  endif
|    int F77_DUMMY_MAIN() { return 1; }
| 
| #endif
| int
| main ()
| {
| return _doprnt ();
|   ;
|   return 0;
| }
configure:24732: result: no
configure:24743: checking if malloc debugging is wanted
configure:24761: result: no
configure:24768: checking for strcasecmp
configure:24768: mpicc -o conftest  -DMKL  conftest.c -lnsl -lm -lmkl_intel_lp64 -lmkl_sequential -lmkl_core -lpthread -lm -ldl >&5
conftest.c:66:6: warning: conflicting types for built-in function 'strcasecmp' [enabled by default]
 char strcasecmp ();
      ^
configure:24768: $? = 0
configure:24768: result: yes
configure:24779: checking for strdup
configure:24779: mpicc -o conftest  -DMKL  conftest.c -lnsl -lm -lmkl_intel_lp64 -lmkl_sequential -lmkl_core -lpthread -lm -ldl >&5
conftest.c:67:6: warning: conflicting types for built-in function 'strdup' [enabled by default]
 char strdup ();
      ^
configure:24779: $? = 0
configure:24779: result: yes
configure:24790: checking for gettimeofday
configure:24790: mpicc -o conftest  -DMKL  conftest.c -lnsl -lm -lmkl_intel_lp64 -lmkl_sequential -lmkl_core -lpthread -lm -ldl >&5
configure:24790: $? = 0
configure:24790: result: yes
configure:24801: checking for cbrt
configure:24801: mpicc -o conftest  -DMKL  conftest.c -lnsl -lm -lmkl_intel_lp64 -lmkl_sequential -lmkl_core -lpthread -lm -ldl >&5
conftest.c:69:6: warning: conflicting types for built-in function 'cbrt' [enabled by default]
 char cbrt ();
      ^
configure:24801: $? = 0
configure:24801: result: yes
configure:24812: checking for isnan
configure:24812: mpicc -o conftest  -DMKL  conftest.c -lnsl -lm -lmkl_intel_lp64 -lmkl_sequential -lmkl_core -lpthread -lm -ldl >&5
conftest.c:70:6: warning: conflicting types for built-in function 'isnan' [enabled by default]
 char isnan ();
      ^
configure:24812: $? = 0
configure:24812: result: yes
configure:24823: checking for _isnan
configure:24823: mpicc -o conftest  -DMKL  conftest.c -lnsl -lm -lmkl_intel_lp64 -lmkl_sequential -lmkl_core -lpthread -lm -ldl >&5
/tmp/ccD2AMJj.o: In function `main':
conftest.c:(.text+0xa): undefined reference to `_isnan'
collect2: error: ld returned 1 exit status
configure:24823: $? = 1
configure: failed program was:
| /* confdefs.h */
| #define PACKAGE_NAME "gromacs"
| #define PACKAGE_TARNAME "gromacs"
| #define PACKAGE_VERSION "4.5.3"
| #define PACKAGE_STRING "gromacs 4.5.3"
| #define PACKAGE_BUGREPORT "gmx-users@gromacs.org"
| #define PACKAGE_URL ""
| #define PACKAGE "gromacs"
| #define VERSION "4.5.3"
| #define GMX_DOUBLE /**/
| #define GMX_SOFTWARE_INVSQRT /**/
| #define GMX_QMMM_GAUSSIAN /**/
| #define GMX_QMMM_ORCA /**/
| #define BUILD_TIME "Fri Sep 15 11:27:03 CEST 2023"
| #define BUILD_USER "ggroenh@soleus.ftmc.uam.es"
| #define BUILD_MACHINE "Linux 3.10.0-1160.15.2.el7.x86_64 x86_64"
| #define GMX_MPI /**/
| #define GMX_LIB_MPI /**/
| #define MPI_IN_PLACE_EXISTS /**/
| #define F77_OR_C_FUNC(name,NAME) name
| #define F77_OR_C_FUNC_(name,NAME) name
| #define HAVE_SIGUSR1 /**/
| #define HAVE_PIPES /**/
| #define FLOAT_FORMAT_IEEE754 /**/
| #define HAVE_DLFCN_H 1
| #define HAVE_FSEEKO 1
| #define HAVE_LIBM 1
| #define HAVE_LIBMKL_INTEL_LP64 1
| #define GMX_FFT_MKL /**/
| #define HAVE_RPC_RPC_H 1
| #define HAVE_RPC_XDR_H 1
| #define HAVE_LIBNSL 1
| #define HAVE_LIMITS_H 1
| #define HAVE_UNISTD_H 1
| #define HAVE_UNISTD_H 1
| #define HAVE_SYS_TYPES_H 1
| #define HAVE_SYS_TIME_H 1
| #define HAVE_DIRENT_H 1
| #define HAVE_REGEX_H 1
| #define RETSIGTYPE void
| #define HAVE_VPRINTF 1
| #define HAVE_STRCASECMP 1
| #define HAVE_STRDUP 1
| #define HAVE_GETTIMEOFDAY 1
| #define HAVE_CBRT 1
| #define HAVE_ISNAN 1
| /* end confdefs.h.  */
| /* Define _isnan to an innocuous variant, in case <limits.h> declares _isnan.
|    For example, HP-UX 11i <limits.h> declares gettimeofday.  */
| #define _isnan innocuous__isnan
| 
| /* System header to define __stub macros and hopefully few prototypes,
|     which can conflict with char _isnan (); below.
|     Prefer <limits.h> to <assert.h> if __STDC__ is defined, since
|     <limits.h> exists even on freestanding compilers.  */
| 
| #ifdef __STDC__
| # include <limits.h>
| #else
| # include <assert.h>
| #endif
| 
| #undef _isnan
| 
| /* Override any GCC internal prototype to avoid an error.
|    Use char because int might match the return type of a GCC
|    builtin and then its argument prototype would still apply.  */
| #ifdef __cplusplus
| extern "C"
| #endif
| char _isnan ();
| /* The GNU C library defines this for functions which it implements
|     to always fail with ENOSYS.  Some functions are actually named
|     something starting with __ and the normal name is an alias.  */
| #if defined __stub__isnan || defined __stub____isnan
| choke me
| #endif
| 
| #ifdef F77_DUMMY_MAIN
| 
| #  ifdef __cplusplus
|      extern "C"
| #  endif
|    int F77_DUMMY_MAIN() { return 1; }
| 
| #endif
| int
| main ()
| {
| return _isnan ();
|   ;
|   return 0;
| }
configure:24823: result: no
configure:24834: checking for isfinite
configure:24834: mpicc -o conftest  -DMKL  conftest.c -lnsl -lm -lmkl_intel_lp64 -lmkl_sequential -lmkl_core -lpthread -lm -ldl >&5
/tmp/ccodNRZA.o: In function `main':
conftest.c:(.text+0xa): undefined reference to `isfinite'
collect2: error: ld returned 1 exit status
configure:24834: $? = 1
configure: failed program was:
| /* confdefs.h */
| #define PACKAGE_NAME "gromacs"
| #define PACKAGE_TARNAME "gromacs"
| #define PACKAGE_VERSION "4.5.3"
| #define PACKAGE_STRING "gromacs 4.5.3"
| #define PACKAGE_BUGREPORT "gmx-users@gromacs.org"
| #define PACKAGE_URL ""
| #define PACKAGE "gromacs"
| #define VERSION "4.5.3"
| #define GMX_DOUBLE /**/
| #define GMX_SOFTWARE_INVSQRT /**/
| #define GMX_QMMM_GAUSSIAN /**/
| #define GMX_QMMM_ORCA /**/
| #define BUILD_TIME "Fri Sep 15 11:27:03 CEST 2023"
| #define BUILD_USER "ggroenh@soleus.ftmc.uam.es"
| #define BUILD_MACHINE "Linux 3.10.0-1160.15.2.el7.x86_64 x86_64"
| #define GMX_MPI /**/
| #define GMX_LIB_MPI /**/
| #define MPI_IN_PLACE_EXISTS /**/
| #define F77_OR_C_FUNC(name,NAME) name
| #define F77_OR_C_FUNC_(name,NAME) name
| #define HAVE_SIGUSR1 /**/
| #define HAVE_PIPES /**/
| #define FLOAT_FORMAT_IEEE754 /**/
| #define HAVE_DLFCN_H 1
| #define HAVE_FSEEKO 1
| #define HAVE_LIBM 1
| #define HAVE_LIBMKL_INTEL_LP64 1
| #define GMX_FFT_MKL /**/
| #define HAVE_RPC_RPC_H 1
| #define HAVE_RPC_XDR_H 1
| #define HAVE_LIBNSL 1
| #define HAVE_LIMITS_H 1
| #define HAVE_UNISTD_H 1
| #define HAVE_UNISTD_H 1
| #define HAVE_SYS_TYPES_H 1
| #define HAVE_SYS_TIME_H 1
| #define HAVE_DIRENT_H 1
| #define HAVE_REGEX_H 1
| #define RETSIGTYPE void
| #define HAVE_VPRINTF 1
| #define HAVE_STRCASECMP 1
| #define HAVE_STRDUP 1
| #define HAVE_GETTIMEOFDAY 1
| #define HAVE_CBRT 1
| #define HAVE_ISNAN 1
| /* end confdefs.h.  */
| /* Define isfinite to an innocuous variant, in case <limits.h> declares isfinite.
|    For example, HP-UX 11i <limits.h> declares gettimeofday.  */
| #define isfinite innocuous_isfinite
| 
| /* System header to define __stub macros and hopefully few prototypes,
|     which can conflict with char isfinite (); below.
|     Prefer <limits.h> to <assert.h> if __STDC__ is defined, since
|     <limits.h> exists even on freestanding compilers.  */
| 
| #ifdef __STDC__
| # include <limits.h>
| #else
| # include <assert.h>
| #endif
| 
| #undef isfinite
| 
| /* Override any GCC internal prototype to avoid an error.
|    Use char because int might match the return type of a GCC
|    builtin and then its argument prototype would still apply.  */
| #ifdef __cplusplus
| extern "C"
| #endif
| char isfinite ();
| /* The GNU C library defines this for functions which it implements
|     to always fail with ENOSYS.  Some functions are actually named
|     something starting with __ and the normal name is an alias.  */
| #if defined __stub_isfinite || defined __stub___isfinite
| choke me
| #endif
| 
| #ifdef F77_DUMMY_MAIN
| 
| #  ifdef __cplusplus
|      extern "C"
| #  endif
|    int F77_DUMMY_MAIN() { return 1; }
| 
| #endif
| int
| main ()
| {
| return isfinite ();
|   ;
|   return 0;
| }
configure:24834: result: no
configure:24845: checking for _isfinite
configure:24845: mpicc -o conftest  -DMKL  conftest.c -lnsl -lm -lmkl_intel_lp64 -lmkl_sequential -lmkl_core -lpthread -lm -ldl >&5
/tmp/ccInYrJ0.o: In function `main':
conftest.c:(.text+0xa): undefined reference to `_isfinite'
collect2: error: ld returned 1 exit status
configure:24845: $? = 1
configure: failed program was:
| /* confdefs.h */
| #define PACKAGE_NAME "gromacs"
| #define PACKAGE_TARNAME "gromacs"
| #define PACKAGE_VERSION "4.5.3"
| #define PACKAGE_STRING "gromacs 4.5.3"
| #define PACKAGE_BUGREPORT "gmx-users@gromacs.org"
| #define PACKAGE_URL ""
| #define PACKAGE "gromacs"
| #define VERSION "4.5.3"
| #define GMX_DOUBLE /**/
| #define GMX_SOFTWARE_INVSQRT /**/
| #define GMX_QMMM_GAUSSIAN /**/
| #define GMX_QMMM_ORCA /**/
| #define BUILD_TIME "Fri Sep 15 11:27:03 CEST 2023"
| #define BUILD_USER "ggroenh@soleus.ftmc.uam.es"
| #define BUILD_MACHINE "Linux 3.10.0-1160.15.2.el7.x86_64 x86_64"
| #define GMX_MPI /**/
| #define GMX_LIB_MPI /**/
| #define MPI_IN_PLACE_EXISTS /**/
| #define F77_OR_C_FUNC(name,NAME) name
| #define F77_OR_C_FUNC_(name,NAME) name
| #define HAVE_SIGUSR1 /**/
| #define HAVE_PIPES /**/
| #define FLOAT_FORMAT_IEEE754 /**/
| #define HAVE_DLFCN_H 1
| #define HAVE_FSEEKO 1
| #define HAVE_LIBM 1
| #define HAVE_LIBMKL_INTEL_LP64 1
| #define GMX_FFT_MKL /**/
| #define HAVE_RPC_RPC_H 1
| #define HAVE_RPC_XDR_H 1
| #define HAVE_LIBNSL 1
| #define HAVE_LIMITS_H 1
| #define HAVE_UNISTD_H 1
| #define HAVE_UNISTD_H 1
| #define HAVE_SYS_TYPES_H 1
| #define HAVE_SYS_TIME_H 1
| #define HAVE_DIRENT_H 1
| #define HAVE_REGEX_H 1
| #define RETSIGTYPE void
| #define HAVE_VPRINTF 1
| #define HAVE_STRCASECMP 1
| #define HAVE_STRDUP 1
| #define HAVE_GETTIMEOFDAY 1
| #define HAVE_CBRT 1
| #define HAVE_ISNAN 1
| /* end confdefs.h.  */
| /* Define _isfinite to an innocuous variant, in case <limits.h> declares _isfinite.
|    For example, HP-UX 11i <limits.h> declares gettimeofday.  */
| #define _isfinite innocuous__isfinite
| 
| /* System header to define __stub macros and hopefully few prototypes,
|     which can conflict with char _isfinite (); below.
|     Prefer <limits.h> to <assert.h> if __STDC__ is defined, since
|     <limits.h> exists even on freestanding compilers.  */
| 
| #ifdef __STDC__
| # include <limits.h>
| #else
| # include <assert.h>
| #endif
| 
| #undef _isfinite
| 
| /* Override any GCC internal prototype to avoid an error.
|    Use char because int might match the return type of a GCC
|    builtin and then its argument prototype would still apply.  */
| #ifdef __cplusplus
| extern "C"
| #endif
| char _isfinite ();
| /* The GNU C library defines this for functions which it implements
|     to always fail with ENOSYS.  Some functions are actually named
|     something starting with __ and the normal name is an alias.  */
| #if defined __stub__isfinite || defined __stub____isfinite
| choke me
| #endif
| 
| #ifdef F77_DUMMY_MAIN
| 
| #  ifdef __cplusplus
|      extern "C"
| #  endif
|    int F77_DUMMY_MAIN() { return 1; }
| 
| #endif
| int
| main ()
| {
| return _isfinite ();
|   ;
|   return 0;
| }
configure:24845: result: no
configure:24856: checking for fsync
configure:24856: mpicc -o conftest  -DMKL  conftest.c -lnsl -lm -lmkl_intel_lp64 -lmkl_sequential -lmkl_core -lpthread -lm -ldl >&5
configure:24856: $? = 0
configure:24856: result: yes
configure:24867: checking for fileno
configure:24867: mpicc -o conftest  -DMKL  conftest.c -lnsl -lm -lmkl_intel_lp64 -lmkl_sequential -lmkl_core -lpthread -lm -ldl >&5
configure:24867: $? = 0
configure:24867: result: yes
configure:24878: checking for bool
configure:24878: mpicc -c  -DMKL conftest.c >&5
conftest.c: In function 'main':
conftest.c:94:13: error: 'bool' undeclared (first use in this function)
 if (sizeof (bool))
             ^
conftest.c:94:13: note: each undeclared identifier is reported only once for each function it appears in
configure:24878: $? = 1
configure: failed program was:
| /* confdefs.h */
| #define PACKAGE_NAME "gromacs"
| #define PACKAGE_TARNAME "gromacs"
| #define PACKAGE_VERSION "4.5.3"
| #define PACKAGE_STRING "gromacs 4.5.3"
| #define PACKAGE_BUGREPORT "gmx-users@gromacs.org"
| #define PACKAGE_URL ""
| #define PACKAGE "gromacs"
| #define VERSION "4.5.3"
| #define GMX_DOUBLE /**/
| #define GMX_SOFTWARE_INVSQRT /**/
| #define GMX_QMMM_GAUSSIAN /**/
| #define GMX_QMMM_ORCA /**/
| #define BUILD_TIME "Fri Sep 15 11:27:03 CEST 2023"
| #define BUILD_USER "ggroenh@soleus.ftmc.uam.es"
| #define BUILD_MACHINE "Linux 3.10.0-1160.15.2.el7.x86_64 x86_64"
| #define GMX_MPI /**/
| #define GMX_LIB_MPI /**/
| #define MPI_IN_PLACE_EXISTS /**/
| #define F77_OR_C_FUNC(name,NAME) name
| #define F77_OR_C_FUNC_(name,NAME) name
| #define HAVE_SIGUSR1 /**/
| #define HAVE_PIPES /**/
| #define FLOAT_FORMAT_IEEE754 /**/
| #define HAVE_DLFCN_H 1
| #define HAVE_FSEEKO 1
| #define HAVE_LIBM 1
| #define HAVE_LIBMKL_INTEL_LP64 1
| #define GMX_FFT_MKL /**/
| #define HAVE_RPC_RPC_H 1
| #define HAVE_RPC_XDR_H 1
| #define HAVE_LIBNSL 1
| #define HAVE_LIMITS_H 1
| #define HAVE_UNISTD_H 1
| #define HAVE_UNISTD_H 1
| #define HAVE_SYS_TYPES_H 1
| #define HAVE_SYS_TIME_H 1
| #define HAVE_DIRENT_H 1
| #define HAVE_REGEX_H 1
| #define RETSIGTYPE void
| #define HAVE_VPRINTF 1
| #define HAVE_STRCASECMP 1
| #define HAVE_STRDUP 1
| #define HAVE_GETTIMEOFDAY 1
| #define HAVE_CBRT 1
| #define HAVE_ISNAN 1
| #define HAVE_FSYNC 1
| #define HAVE_FILENO 1
| /* end confdefs.h.  */
| #include <stdio.h>
| #ifdef HAVE_SYS_TYPES_H
| # include <sys/types.h>
| #endif
| #ifdef HAVE_SYS_STAT_H
| # include <sys/stat.h>
| #endif
| #ifdef STDC_HEADERS
| # include <stdlib.h>
| # include <stddef.h>
| #else
| # ifdef HAVE_STDLIB_H
| #  include <stdlib.h>
| # endif
| #endif
| #ifdef HAVE_STRING_H
| # if !defined STDC_HEADERS && defined HAVE_MEMORY_H
| #  include <memory.h>
| # endif
| # include <string.h>
| #endif
| #ifdef HAVE_STRINGS_H
| # include <strings.h>
| #endif
| #ifdef HAVE_INTTYPES_H
| # include <inttypes.h>
| #endif
| #ifdef HAVE_STDINT_H
| # include <stdint.h>
| #endif
| #ifdef HAVE_UNISTD_H
| # include <unistd.h>
| #endif
| #ifdef F77_DUMMY_MAIN
| 
| #  ifdef __cplusplus
|      extern "C"
| #  endif
|    int F77_DUMMY_MAIN() { return 1; }
| 
| #endif
| int
| main ()
| {
| if (sizeof (bool))
| 	 return 0;
|   ;
|   return 0;
| }
configure:24878: result: no
configure:24888: checking for library containing posix_memalign
configure:24927: mpicc -o conftest  -DMKL  conftest.c -lnsl -lm -lmkl_intel_lp64 -lmkl_sequential -lmkl_core -lpthread -lm -ldl >&5
configure:24927: $? = 0
configure:24944: result: none required
configure:24954: checking for library containing memalign
configure:24993: mpicc -o conftest  -DMKL  conftest.c -lnsl -lm -lmkl_intel_lp64 -lmkl_sequential -lmkl_core -lpthread -lm -ldl >&5
configure:24993: $? = 0
configure:25010: result: none required
configure:25022: checking for _aligned_malloc
configure:25022: mpicc -o conftest  -DMKL  conftest.c -lnsl -lm -lmkl_intel_lp64 -lmkl_sequential -lmkl_core -lpthread -lm -ldl >&5
/tmp/ccOC1Rv2.o: In function `main':
conftest.c:(.text+0xa): undefined reference to `_aligned_malloc'
collect2: error: ld returned 1 exit status
configure:25022: $? = 1
configure: failed program was:
| /* confdefs.h */
| #define PACKAGE_NAME "gromacs"
| #define PACKAGE_TARNAME "gromacs"
| #define PACKAGE_VERSION "4.5.3"
| #define PACKAGE_STRING "gromacs 4.5.3"
| #define PACKAGE_BUGREPORT "gmx-users@gromacs.org"
| #define PACKAGE_URL ""
| #define PACKAGE "gromacs"
| #define VERSION "4.5.3"
| #define GMX_DOUBLE /**/
| #define GMX_SOFTWARE_INVSQRT /**/
| #define GMX_QMMM_GAUSSIAN /**/
| #define GMX_QMMM_ORCA /**/
| #define BUILD_TIME "Fri Sep 15 11:27:03 CEST 2023"
| #define BUILD_USER "ggroenh@soleus.ftmc.uam.es"
| #define BUILD_MACHINE "Linux 3.10.0-1160.15.2.el7.x86_64 x86_64"
| #define GMX_MPI /**/
| #define GMX_LIB_MPI /**/
| #define MPI_IN_PLACE_EXISTS /**/
| #define F77_OR_C_FUNC(name,NAME) name
| #define F77_OR_C_FUNC_(name,NAME) name
| #define HAVE_SIGUSR1 /**/
| #define HAVE_PIPES /**/
| #define FLOAT_FORMAT_IEEE754 /**/
| #define HAVE_DLFCN_H 1
| #define HAVE_FSEEKO 1
| #define HAVE_LIBM 1
| #define HAVE_LIBMKL_INTEL_LP64 1
| #define GMX_FFT_MKL /**/
| #define HAVE_RPC_RPC_H 1
| #define HAVE_RPC_XDR_H 1
| #define HAVE_LIBNSL 1
| #define HAVE_LIMITS_H 1
| #define HAVE_UNISTD_H 1
| #define HAVE_UNISTD_H 1
| #define HAVE_SYS_TYPES_H 1
| #define HAVE_SYS_TIME_H 1
| #define HAVE_DIRENT_H 1
| #define HAVE_REGEX_H 1
| #define RETSIGTYPE void
| #define HAVE_VPRINTF 1
| #define HAVE_STRCASECMP 1
| #define HAVE_STRDUP 1
| #define HAVE_GETTIMEOFDAY 1
| #define HAVE_CBRT 1
| #define HAVE_ISNAN 1
| #define HAVE_FSYNC 1
| #define HAVE_FILENO 1
| #define HAVE_POSIX_MEMALIGN 1
| #define HAVE_MEMALIGN 1
| /* end confdefs.h.  */
| /* Define _aligned_malloc to an innocuous variant, in case <limits.h> declares _aligned_malloc.
|    For example, HP-UX 11i <limits.h> declares gettimeofday.  */
| #define _aligned_malloc innocuous__aligned_malloc
| 
| /* System header to define __stub macros and hopefully few prototypes,
|     which can conflict with char _aligned_malloc (); below.
|     Prefer <limits.h> to <assert.h> if __STDC__ is defined, since
|     <limits.h> exists even on freestanding compilers.  */
| 
| #ifdef __STDC__
| # include <limits.h>
| #else
| # include <assert.h>
| #endif
| 
| #undef _aligned_malloc
| 
| /* Override any GCC internal prototype to avoid an error.
|    Use char because int might match the return type of a GCC
|    builtin and then its argument prototype would still apply.  */
| #ifdef __cplusplus
| extern "C"
| #endif
| char _aligned_malloc ();
| /* The GNU C library defines this for functions which it implements
|     to always fail with ENOSYS.  Some functions are actually named
|     something starting with __ and the normal name is an alias.  */
| #if defined __stub__aligned_malloc || defined __stub____aligned_malloc
| choke me
| #endif
| 
| #ifdef F77_DUMMY_MAIN
| 
| #  ifdef __cplusplus
|      extern "C"
| #  endif
|    int F77_DUMMY_MAIN() { return 1; }
| 
| #endif
| int
| main ()
| {
| return _aligned_malloc ();
|   ;
|   return 0;
| }
configure:25022: result: no
configure:25046: checking size of int
configure:25051: mpicc -o conftest  -DMKL  conftest.c -lnsl -lm -lmkl_intel_lp64 -lmkl_sequential -lmkl_core -lpthread -lm -ldl >&5
configure:25051: $? = 0
configure:25051: ./conftest
configure:25051: $? = 0
configure:25065: result: 4
configure:25079: checking size of long int
configure:25084: mpicc -o conftest  -DMKL  conftest.c -lnsl -lm -lmkl_intel_lp64 -lmkl_sequential -lmkl_core -lpthread -lm -ldl >&5
configure:25084: $? = 0
configure:25084: ./conftest
configure:25084: $? = 0
configure:25098: result: 8
configure:25112: checking size of long long int
configure:25117: mpicc -o conftest  -DMKL  conftest.c -lnsl -lm -lmkl_intel_lp64 -lmkl_sequential -lmkl_core -lpthread -lm -ldl >&5
configure:25117: $? = 0
configure:25117: ./conftest
configure:25117: $? = 0
configure:25131: result: 8
configure:25145: checking size of off_t
configure:25150: mpicc -o conftest  -DMKL  conftest.c -lnsl -lm -lmkl_intel_lp64 -lmkl_sequential -lmkl_core -lpthread -lm -ldl >&5
configure:25150: $? = 0
configure:25150: ./conftest
configure:25150: $? = 0
configure:25164: result: 8
configure:25178: checking size of void*
configure:25183: mpicc -o conftest  -DMKL  conftest.c -lnsl -lm -lmkl_intel_lp64 -lmkl_sequential -lmkl_core -lpthread -lm -ldl >&5
configure:25183: $? = 0
configure:25183: ./conftest
configure:25183: $? = 0
configure:25197: result: 8
configure:25230: checking for X
configure:25377: mpicc -o conftest  -DMKL  conftest.c -lX11 -lnsl -lm -lmkl_intel_lp64 -lmkl_sequential -lmkl_core -lpthread -lm -ldl >&5
configure:25377: $? = 0
configure:25427: result: libraries , headers 
configure:25550: mpicc -o conftest  -DMKL  conftest.c -lnsl -lm -lmkl_intel_lp64 -lmkl_sequential -lmkl_core -lpthread -lm -ldl  -lX11 >&5
configure:25550: $? = 0
configure:25664: checking for gethostbyname
configure:25664: mpicc -o conftest  -DMKL  conftest.c -lnsl -lm -lmkl_intel_lp64 -lmkl_sequential -lmkl_core -lpthread -lm -ldl >&5
configure:25664: $? = 0
configure:25664: result: yes
configure:25777: checking for connect
configure:25777: mpicc -o conftest  -DMKL  conftest.c -lnsl -lm -lmkl_intel_lp64 -lmkl_sequential -lmkl_core -lpthread -lm -ldl >&5
configure:25777: $? = 0
configure:25777: result: yes
configure:25834: checking for remove
configure:25834: mpicc -o conftest  -DMKL  conftest.c -lnsl -lm -lmkl_intel_lp64 -lmkl_sequential -lmkl_core -lpthread -lm -ldl >&5
configure:25834: $? = 0
configure:25834: result: yes
configure:25891: checking for shmat
configure:25891: mpicc -o conftest  -DMKL  conftest.c -lnsl -lm -lmkl_intel_lp64 -lmkl_sequential -lmkl_core -lpthread -lm -ldl >&5
configure:25891: $? = 0
configure:25891: result: yes
configure:25957: checking for IceConnectionNumber in -lICE
configure:25990: mpicc -o conftest  -DMKL  conftest.c -lICE  -lnsl -lm -lmkl_intel_lp64 -lmkl_sequential -lmkl_core -lpthread -lm -ldl >&5
/bin/ld: cannot find -lICE
collect2: error: ld returned 1 exit status
configure:25990: $? = 1
configure: failed program was:
| /* confdefs.h */
| #define PACKAGE_NAME "gromacs"
| #define PACKAGE_TARNAME "gromacs"
| #define PACKAGE_VERSION "4.5.3"
| #define PACKAGE_STRING "gromacs 4.5.3"
| #define PACKAGE_BUGREPORT "gmx-users@gromacs.org"
| #define PACKAGE_URL ""
| #define PACKAGE "gromacs"
| #define VERSION "4.5.3"
| #define GMX_DOUBLE /**/
| #define GMX_SOFTWARE_INVSQRT /**/
| #define GMX_QMMM_GAUSSIAN /**/
| #define GMX_QMMM_ORCA /**/
| #define BUILD_TIME "Fri Sep 15 11:27:03 CEST 2023"
| #define BUILD_USER "ggroenh@soleus.ftmc.uam.es"
| #define BUILD_MACHINE "Linux 3.10.0-1160.15.2.el7.x86_64 x86_64"
| #define GMX_MPI /**/
| #define GMX_LIB_MPI /**/
| #define MPI_IN_PLACE_EXISTS /**/
| #define F77_OR_C_FUNC(name,NAME) name
| #define F77_OR_C_FUNC_(name,NAME) name
| #define HAVE_SIGUSR1 /**/
| #define HAVE_PIPES /**/
| #define FLOAT_FORMAT_IEEE754 /**/
| #define HAVE_DLFCN_H 1
| #define HAVE_FSEEKO 1
| #define HAVE_LIBM 1
| #define HAVE_LIBMKL_INTEL_LP64 1
| #define GMX_FFT_MKL /**/
| #define HAVE_RPC_RPC_H 1
| #define HAVE_RPC_XDR_H 1
| #define HAVE_LIBNSL 1
| #define HAVE_LIMITS_H 1
| #define HAVE_UNISTD_H 1
| #define HAVE_UNISTD_H 1
| #define HAVE_SYS_TYPES_H 1
| #define HAVE_SYS_TIME_H 1
| #define HAVE_DIRENT_H 1
| #define HAVE_REGEX_H 1
| #define RETSIGTYPE void
| #define HAVE_VPRINTF 1
| #define HAVE_STRCASECMP 1
| #define HAVE_STRDUP 1
| #define HAVE_GETTIMEOFDAY 1
| #define HAVE_CBRT 1
| #define HAVE_ISNAN 1
| #define HAVE_FSYNC 1
| #define HAVE_FILENO 1
| #define HAVE_POSIX_MEMALIGN 1
| #define HAVE_MEMALIGN 1
| #define SIZEOF_INT 4
| #define SIZEOF_LONG_INT 8
| #define SIZEOF_LONG_LONG_INT 8
| #define SIZEOF_OFF_T 8
| #define SIZEOF_VOIDP 8
| /* end confdefs.h.  */
| 
| /* Override any GCC internal prototype to avoid an error.
|    Use char because int might match the return type of a GCC
|    builtin and then its argument prototype would still apply.  */
| #ifdef __cplusplus
| extern "C"
| #endif
| char IceConnectionNumber ();
| #ifdef F77_DUMMY_MAIN
| 
| #  ifdef __cplusplus
|      extern "C"
| #  endif
|    int F77_DUMMY_MAIN() { return 1; }
| 
| #endif
| int
| main ()
| {
| return IceConnectionNumber ();
|   ;
|   return 0;
| }
configure:25999: result: no
configure:26178: checking libxml/parser.h usability
configure:26178: mpicc -c  -DMKL -I/usr/include/libxml2 conftest.c >&5
configure:26178: $? = 0
configure:26178: result: yes
configure:26178: checking libxml/parser.h presence
configure:26178: /share/apps/anaconda/ju2/bin/x86_64-conda-linux-gnu-cpp -DMKL -I/usr/include/libxml2 conftest.c
configure:26178: $? = 0
configure:26178: result: yes
configure:26178: checking for libxml/parser.h
configure:26178: result: yes
configure:26183: checking for main in -lxml2
configure:26210: mpicc -o conftest  -DMKL -I/usr/include/libxml2  conftest.c -lxml2  -lnsl -lm -lmkl_intel_lp64 -lmkl_sequential -lmkl_core -lpthread -lm -ldl >&5
configure:26210: $? = 0
configure:26219: result: yes
configure:26304: checking for an ANSI C-conforming const
configure:26378: mpicc -c  -DMKL conftest.c >&5
configure:26378: $? = 0
configure:26385: result: yes
configure:26393: checking for size_t
configure:26393: mpicc -c  -DMKL conftest.c >&5
configure:26393: $? = 0
configure:26393: mpicc -c  -DMKL conftest.c >&5
conftest.c: In function 'main':
conftest.c:103:21: error: expected expression before ')' token
 if (sizeof ((size_t)))
                     ^
configure:26393: $? = 1
configure: failed program was:
| /* confdefs.h */
| #define PACKAGE_NAME "gromacs"
| #define PACKAGE_TARNAME "gromacs"
| #define PACKAGE_VERSION "4.5.3"
| #define PACKAGE_STRING "gromacs 4.5.3"
| #define PACKAGE_BUGREPORT "gmx-users@gromacs.org"
| #define PACKAGE_URL ""
| #define PACKAGE "gromacs"
| #define VERSION "4.5.3"
| #define GMX_DOUBLE /**/
| #define GMX_SOFTWARE_INVSQRT /**/
| #define GMX_QMMM_GAUSSIAN /**/
| #define GMX_QMMM_ORCA /**/
| #define BUILD_TIME "Fri Sep 15 11:27:03 CEST 2023"
| #define BUILD_USER "ggroenh@soleus.ftmc.uam.es"
| #define BUILD_MACHINE "Linux 3.10.0-1160.15.2.el7.x86_64 x86_64"
| #define GMX_MPI /**/
| #define GMX_LIB_MPI /**/
| #define MPI_IN_PLACE_EXISTS /**/
| #define F77_OR_C_FUNC(name,NAME) name
| #define F77_OR_C_FUNC_(name,NAME) name
| #define HAVE_SIGUSR1 /**/
| #define HAVE_PIPES /**/
| #define FLOAT_FORMAT_IEEE754 /**/
| #define HAVE_DLFCN_H 1
| #define HAVE_FSEEKO 1
| #define HAVE_LIBM 1
| #define HAVE_LIBMKL_INTEL_LP64 1
| #define GMX_FFT_MKL /**/
| #define HAVE_RPC_RPC_H 1
| #define HAVE_RPC_XDR_H 1
| #define HAVE_LIBNSL 1
| #define HAVE_LIMITS_H 1
| #define HAVE_UNISTD_H 1
| #define HAVE_UNISTD_H 1
| #define HAVE_SYS_TYPES_H 1
| #define HAVE_SYS_TIME_H 1
| #define HAVE_DIRENT_H 1
| #define HAVE_REGEX_H 1
| #define RETSIGTYPE void
| #define HAVE_VPRINTF 1
| #define HAVE_STRCASECMP 1
| #define HAVE_STRDUP 1
| #define HAVE_GETTIMEOFDAY 1
| #define HAVE_CBRT 1
| #define HAVE_ISNAN 1
| #define HAVE_FSYNC 1
| #define HAVE_FILENO 1
| #define HAVE_POSIX_MEMALIGN 1
| #define HAVE_MEMALIGN 1
| #define SIZEOF_INT 4
| #define SIZEOF_LONG_INT 8
| #define SIZEOF_LONG_LONG_INT 8
| #define SIZEOF_OFF_T 8
| #define SIZEOF_VOIDP 8
| #define HAVE_LIBXML_PARSER_H 1
| #define HAVE_LIBXML2 1
| /* end confdefs.h.  */
| #include <stdio.h>
| #ifdef HAVE_SYS_TYPES_H
| # include <sys/types.h>
| #endif
| #ifdef HAVE_SYS_STAT_H
| # include <sys/stat.h>
| #endif
| #ifdef STDC_HEADERS
| # include <stdlib.h>
| # include <stddef.h>
| #else
| # ifdef HAVE_STDLIB_H
| #  include <stdlib.h>
| # endif
| #endif
| #ifdef HAVE_STRING_H
| # if !defined STDC_HEADERS && defined HAVE_MEMORY_H
| #  include <memory.h>
| # endif
| # include <string.h>
| #endif
| #ifdef HAVE_STRINGS_H
| # include <strings.h>
| #endif
| #ifdef HAVE_INTTYPES_H
| # include <inttypes.h>
| #endif
| #ifdef HAVE_STDINT_H
| # include <stdint.h>
| #endif
| #ifdef HAVE_UNISTD_H
| # include <unistd.h>
| #endif
| #ifdef F77_DUMMY_MAIN
| 
| #  ifdef __cplusplus
|      extern "C"
| #  endif
|    int F77_DUMMY_MAIN() { return 1; }
| 
| #endif
| int
| main ()
| {
| if (sizeof ((size_t)))
| 	    return 0;
|   ;
|   return 0;
| }
configure:26393: result: yes
configure:26404: checking whether struct tm is in sys/time.h or time.h
configure:26432: mpicc -c  -DMKL conftest.c >&5
configure:26432: $? = 0
configure:26439: result: time.h
configure:26447: checking for inline
configure:26463: mpicc -c  -DMKL conftest.c >&5
configure:26463: $? = 0
configure:26471: result: inline
configure:26489: checking for C/C++ restrict keyword
configure:26522: mpicc -c  -DMKL conftest.c >&5
configure:26522: $? = 0
configure:26530: result: __restrict
configure:26545: checking for uid_t
configure:26545: mpicc -c  -DMKL conftest.c >&5
configure:26545: $? = 0
configure:26545: mpicc -c  -DMKL conftest.c >&5
conftest.c: In function 'main':
conftest.c:73:20: error: expected expression before ')' token
 if (sizeof ((uid_t)))
                    ^
configure:26545: $? = 1
configure: failed program was:
| /* confdefs.h */
| #define PACKAGE_NAME "gromacs"
| #define PACKAGE_TARNAME "gromacs"
| #define PACKAGE_VERSION "4.5.3"
| #define PACKAGE_STRING "gromacs 4.5.3"
| #define PACKAGE_BUGREPORT "gmx-users@gromacs.org"
| #define PACKAGE_URL ""
| #define PACKAGE "gromacs"
| #define VERSION "4.5.3"
| #define GMX_DOUBLE /**/
| #define GMX_SOFTWARE_INVSQRT /**/
| #define GMX_QMMM_GAUSSIAN /**/
| #define GMX_QMMM_ORCA /**/
| #define BUILD_TIME "Fri Sep 15 11:27:03 CEST 2023"
| #define BUILD_USER "ggroenh@soleus.ftmc.uam.es"
| #define BUILD_MACHINE "Linux 3.10.0-1160.15.2.el7.x86_64 x86_64"
| #define GMX_MPI /**/
| #define GMX_LIB_MPI /**/
| #define MPI_IN_PLACE_EXISTS /**/
| #define F77_OR_C_FUNC(name,NAME) name
| #define F77_OR_C_FUNC_(name,NAME) name
| #define HAVE_SIGUSR1 /**/
| #define HAVE_PIPES /**/
| #define FLOAT_FORMAT_IEEE754 /**/
| #define HAVE_DLFCN_H 1
| #define HAVE_FSEEKO 1
| #define HAVE_LIBM 1
| #define HAVE_LIBMKL_INTEL_LP64 1
| #define GMX_FFT_MKL /**/
| #define HAVE_RPC_RPC_H 1
| #define HAVE_RPC_XDR_H 1
| #define HAVE_LIBNSL 1
| #define HAVE_LIMITS_H 1
| #define HAVE_UNISTD_H 1
| #define HAVE_UNISTD_H 1
| #define HAVE_SYS_TYPES_H 1
| #define HAVE_SYS_TIME_H 1
| #define HAVE_DIRENT_H 1
| #define HAVE_REGEX_H 1
| #define RETSIGTYPE void
| #define HAVE_VPRINTF 1
| #define HAVE_STRCASECMP 1
| #define HAVE_STRDUP 1
| #define HAVE_GETTIMEOFDAY 1
| #define HAVE_CBRT 1
| #define HAVE_ISNAN 1
| #define HAVE_FSYNC 1
| #define HAVE_FILENO 1
| #define HAVE_POSIX_MEMALIGN 1
| #define HAVE_MEMALIGN 1
| #define SIZEOF_INT 4
| #define SIZEOF_LONG_INT 8
| #define SIZEOF_LONG_LONG_INT 8
| #define SIZEOF_OFF_T 8
| #define SIZEOF_VOIDP 8
| #define HAVE_LIBXML_PARSER_H 1
| #define HAVE_LIBXML2 1
| #define restrict __restrict
| /* end confdefs.h.  */
| #include <sys/types.h>
| 
| #ifdef F77_DUMMY_MAIN
| 
| #  ifdef __cplusplus
|      extern "C"
| #  endif
|    int F77_DUMMY_MAIN() { return 1; }
| 
| #endif
| int
| main ()
| {
| if (sizeof ((uid_t)))
| 	    return 0;
|   ;
|   return 0;
| }
configure:26545: result: yes
configure:26560: checking for gid_t
configure:26560: mpicc -c  -DMKL conftest.c >&5
configure:26560: $? = 0
configure:26560: mpicc -c  -DMKL conftest.c >&5
conftest.c: In function 'main':
conftest.c:74:20: error: expected expression before ')' token
 if (sizeof ((gid_t)))
                    ^
configure:26560: $? = 1
configure: failed program was:
| /* confdefs.h */
| #define PACKAGE_NAME "gromacs"
| #define PACKAGE_TARNAME "gromacs"
| #define PACKAGE_VERSION "4.5.3"
| #define PACKAGE_STRING "gromacs 4.5.3"
| #define PACKAGE_BUGREPORT "gmx-users@gromacs.org"
| #define PACKAGE_URL ""
| #define PACKAGE "gromacs"
| #define VERSION "4.5.3"
| #define GMX_DOUBLE /**/
| #define GMX_SOFTWARE_INVSQRT /**/
| #define GMX_QMMM_GAUSSIAN /**/
| #define GMX_QMMM_ORCA /**/
| #define BUILD_TIME "Fri Sep 15 11:27:03 CEST 2023"
| #define BUILD_USER "ggroenh@soleus.ftmc.uam.es"
| #define BUILD_MACHINE "Linux 3.10.0-1160.15.2.el7.x86_64 x86_64"
| #define GMX_MPI /**/
| #define GMX_LIB_MPI /**/
| #define MPI_IN_PLACE_EXISTS /**/
| #define F77_OR_C_FUNC(name,NAME) name
| #define F77_OR_C_FUNC_(name,NAME) name
| #define HAVE_SIGUSR1 /**/
| #define HAVE_PIPES /**/
| #define FLOAT_FORMAT_IEEE754 /**/
| #define HAVE_DLFCN_H 1
| #define HAVE_FSEEKO 1
| #define HAVE_LIBM 1
| #define HAVE_LIBMKL_INTEL_LP64 1
| #define GMX_FFT_MKL /**/
| #define HAVE_RPC_RPC_H 1
| #define HAVE_RPC_XDR_H 1
| #define HAVE_LIBNSL 1
| #define HAVE_LIMITS_H 1
| #define HAVE_UNISTD_H 1
| #define HAVE_UNISTD_H 1
| #define HAVE_SYS_TYPES_H 1
| #define HAVE_SYS_TIME_H 1
| #define HAVE_DIRENT_H 1
| #define HAVE_REGEX_H 1
| #define RETSIGTYPE void
| #define HAVE_VPRINTF 1
| #define HAVE_STRCASECMP 1
| #define HAVE_STRDUP 1
| #define HAVE_GETTIMEOFDAY 1
| #define HAVE_CBRT 1
| #define HAVE_ISNAN 1
| #define HAVE_FSYNC 1
| #define HAVE_FILENO 1
| #define HAVE_POSIX_MEMALIGN 1
| #define HAVE_MEMALIGN 1
| #define SIZEOF_INT 4
| #define SIZEOF_LONG_INT 8
| #define SIZEOF_LONG_LONG_INT 8
| #define SIZEOF_OFF_T 8
| #define SIZEOF_VOIDP 8
| #define HAVE_LIBXML_PARSER_H 1
| #define HAVE_LIBXML2 1
| #define restrict __restrict
| #define HAVE_UID_T 1
| /* end confdefs.h.  */
| #include <sys/types.h>
| 
| #ifdef F77_DUMMY_MAIN
| 
| #  ifdef __cplusplus
|      extern "C"
| #  endif
|    int F77_DUMMY_MAIN() { return 1; }
| 
| #endif
| int
| main ()
| {
| if (sizeof ((gid_t)))
| 	    return 0;
|   ;
|   return 0;
| }
configure:26560: result: yes
configure:26576: checking for sig_atomic_t
configure:26576: mpicc -c  -DMKL conftest.c >&5
configure:26576: $? = 0
configure:26576: mpicc -c  -DMKL conftest.c >&5
conftest.c: In function 'main':
conftest.c:75:27: error: expected expression before ')' token
 if (sizeof ((sig_atomic_t)))
                           ^
configure:26576: $? = 1
configure: failed program was:
| /* confdefs.h */
| #define PACKAGE_NAME "gromacs"
| #define PACKAGE_TARNAME "gromacs"
| #define PACKAGE_VERSION "4.5.3"
| #define PACKAGE_STRING "gromacs 4.5.3"
| #define PACKAGE_BUGREPORT "gmx-users@gromacs.org"
| #define PACKAGE_URL ""
| #define PACKAGE "gromacs"
| #define VERSION "4.5.3"
| #define GMX_DOUBLE /**/
| #define GMX_SOFTWARE_INVSQRT /**/
| #define GMX_QMMM_GAUSSIAN /**/
| #define GMX_QMMM_ORCA /**/
| #define BUILD_TIME "Fri Sep 15 11:27:03 CEST 2023"
| #define BUILD_USER "ggroenh@soleus.ftmc.uam.es"
| #define BUILD_MACHINE "Linux 3.10.0-1160.15.2.el7.x86_64 x86_64"
| #define GMX_MPI /**/
| #define GMX_LIB_MPI /**/
| #define MPI_IN_PLACE_EXISTS /**/
| #define F77_OR_C_FUNC(name,NAME) name
| #define F77_OR_C_FUNC_(name,NAME) name
| #define HAVE_SIGUSR1 /**/
| #define HAVE_PIPES /**/
| #define FLOAT_FORMAT_IEEE754 /**/
| #define HAVE_DLFCN_H 1
| #define HAVE_FSEEKO 1
| #define HAVE_LIBM 1
| #define HAVE_LIBMKL_INTEL_LP64 1
| #define GMX_FFT_MKL /**/
| #define HAVE_RPC_RPC_H 1
| #define HAVE_RPC_XDR_H 1
| #define HAVE_LIBNSL 1
| #define HAVE_LIMITS_H 1
| #define HAVE_UNISTD_H 1
| #define HAVE_UNISTD_H 1
| #define HAVE_SYS_TYPES_H 1
| #define HAVE_SYS_TIME_H 1
| #define HAVE_DIRENT_H 1
| #define HAVE_REGEX_H 1
| #define RETSIGTYPE void
| #define HAVE_VPRINTF 1
| #define HAVE_STRCASECMP 1
| #define HAVE_STRDUP 1
| #define HAVE_GETTIMEOFDAY 1
| #define HAVE_CBRT 1
| #define HAVE_ISNAN 1
| #define HAVE_FSYNC 1
| #define HAVE_FILENO 1
| #define HAVE_POSIX_MEMALIGN 1
| #define HAVE_MEMALIGN 1
| #define SIZEOF_INT 4
| #define SIZEOF_LONG_INT 8
| #define SIZEOF_LONG_LONG_INT 8
| #define SIZEOF_OFF_T 8
| #define SIZEOF_VOIDP 8
| #define HAVE_LIBXML_PARSER_H 1
| #define HAVE_LIBXML2 1
| #define restrict __restrict
| #define HAVE_UID_T 1
| #define HAVE_GID_T 1
| /* end confdefs.h.  */
| #include <signal.h>
| 
| #ifdef F77_DUMMY_MAIN
| 
| #  ifdef __cplusplus
|      extern "C"
| #  endif
|    int F77_DUMMY_MAIN() { return 1; }
| 
| #endif
| int
| main ()
| {
| if (sizeof ((sig_atomic_t)))
| 	    return 0;
|   ;
|   return 0;
| }
configure:26576: result: yes
configure:26597: checking whether your compiler can handle assembly files (*.s)
configure:26616: mpicc  -c conftestasm.s
configure:26619: $? = 0
configure:26622: result: yes
configure:26669: checking whether as fully supports X86_64 SSE2
configure:26679: mpicc  -c conftest.s
configure:26682: $? = 0
configure:26684: result: yes
configure:26954: checking whether byte ordering is bigendian
configure:27208: result: no
configure:27310: checking if dlopen supported
configure:27340: mpicc -o conftest -I./include -DGMX_DLOPEN  -DMKL   conftest.c  -lnsl -lm -lmkl_intel_lp64 -lmkl_sequential -lmkl_core -lpthread -lm -ldl  >&5
configure:27340: $? = 0
configure:27342: result: yes
configure:27802: creating ./config.status

## ---------------- ##
## Cache variables. ##
## ---------------- ##

ac_cv_build=x86_64-conda-linux-gnu
ac_cv_c_bigendian=no
ac_cv_c_compiler_gnu=yes
ac_cv_c_const=yes
ac_cv_c_inline=inline
ac_cv_c_restrict=__restrict
ac_cv_cxx_compiler_gnu=no
ac_cv_env_CCASFLAGS_set=
ac_cv_env_CCASFLAGS_value=
ac_cv_env_CCAS_set=
ac_cv_env_CCAS_value=
ac_cv_env_CCC_set=
ac_cv_env_CCC_value=
ac_cv_env_CC_set=set
ac_cv_env_CC_value=icc
ac_cv_env_CFLAGS_set=set
ac_cv_env_CFLAGS_value=
ac_cv_env_CPPFLAGS_set=set
ac_cv_env_CPPFLAGS_value=-DMKL
ac_cv_env_CPP_set=set
ac_cv_env_CPP_value=/share/apps/anaconda/ju2/bin/x86_64-conda-linux-gnu-cpp
ac_cv_env_CXXCPP_set=
ac_cv_env_CXXCPP_value=
ac_cv_env_CXXFLAGS_set=set
ac_cv_env_CXXFLAGS_value='-fvisibility-inlines-hidden -std=c++17 -fmessage-length=0 -march=nocona -mtune=haswell -ftree-vectorize -fPIC -fstack-protector-strong -fno-plt -O2 -ffunction-sections -pipe -isystem /share/apps/anaconda/ju2/include'
ac_cv_env_CXX_set=set
ac_cv_env_CXX_value=/share/apps/anaconda/ju2/bin/x86_64-conda-linux-gnu-c++
ac_cv_env_F77_set=
ac_cv_env_F77_value=
ac_cv_env_FFLAGS_set=
ac_cv_env_FFLAGS_value=
ac_cv_env_LDFLAGS_set=set
ac_cv_env_LDFLAGS_value=
ac_cv_env_LIBSUFFIX_set=
ac_cv_env_LIBSUFFIX_value=
ac_cv_env_LIBS_set=set
ac_cv_env_LIBS_value='-lmkl_intel_lp64 -lmkl_sequential -lmkl_core -lpthread -lm -ldl'
ac_cv_env_XMKMF_set=
ac_cv_env_XMKMF_value=
ac_cv_env_build_alias_set=set
ac_cv_env_build_alias_value=x86_64-conda-linux-gnu
ac_cv_env_host_alias_set=set
ac_cv_env_host_alias_value=x86_64-conda-linux-gnu
ac_cv_env_target_alias_set=
ac_cv_env_target_alias_value=
ac_cv_func__aligned_malloc=no
ac_cv_func__doprnt=no
ac_cv_func__isfinite=no
ac_cv_func__isnan=no
ac_cv_func_cbrt=yes
ac_cv_func_connect=yes
ac_cv_func_dlopen=yes
ac_cv_func_fileno=yes
ac_cv_func_fsync=yes
ac_cv_func_gethostbyname=yes
ac_cv_func_gettimeofday=yes
ac_cv_func_isfinite=no
ac_cv_func_isnan=yes
ac_cv_func_memcmp_working=yes
ac_cv_func_remove=yes
ac_cv_func_shl_load=no
ac_cv_func_shmat=yes
ac_cv_func_strcasecmp=yes
ac_cv_func_strdup=yes
ac_cv_func_vprintf=yes
ac_cv_have_x='have_x=yes	ac_x_includes='\'''\''	ac_x_libraries='\'''\'''
ac_cv_header_dirent_h=yes
ac_cv_header_dlfcn_h=yes
ac_cv_header_libxml_parser_h=yes
ac_cv_header_limits_h=yes
ac_cv_header_regex_h=yes
ac_cv_header_rpc_rpc_h=yes
ac_cv_header_rpc_xdr_h=yes
ac_cv_header_sys_time_h=yes
ac_cv_header_sys_types_h=yes
ac_cv_header_unistd_h=yes
ac_cv_host=x86_64-conda-linux-gnu
ac_cv_lib_ICE_IceConnectionNumber=no
ac_cv_lib_dld_shl_load=no
ac_cv_lib_m_sqrt=yes
ac_cv_lib_mkl_DftiComputeForward=no
ac_cv_lib_mkl_intel_lp64_DftiComputeForward=yes
ac_cv_lib_nsl_xdr_float=yes
ac_cv_lib_xml2_main=yes
ac_cv_objext=o
ac_cv_path_EGREP='/bin/grep -E'
ac_cv_path_GREP=/bin/grep
ac_cv_path_install='/bin/install -c'
ac_cv_path_mkdir=/bin/mkdir
ac_cv_prog_AR=/share/apps/anaconda/ju2/bin/x86_64-conda-linux-gnu-ar
ac_cv_prog_AWK=gawk
ac_cv_prog_CC=icc
ac_cv_prog_CPP=/share/apps/anaconda/ju2/bin/x86_64-conda-linux-gnu-cpp
ac_cv_prog_CXXCPP='mpicc -E'
ac_cv_prog_MPICC=mpicc
ac_cv_prog_RANLIB=/share/apps/anaconda/ju2/bin/x86_64-conda-linux-gnu-ranlib
ac_cv_prog_STRIP=/share/apps/anaconda/ju2/bin/x86_64-conda-linux-gnu-strip
ac_cv_prog_cc_c89=
ac_cv_prog_cc_g=yes
ac_cv_prog_cxx_g=yes
ac_cv_prog_make_make_set=yes
ac_cv_search_memalign='none required'
ac_cv_search_posix_memalign='none required'
ac_cv_sizeof_int=4
ac_cv_sizeof_long_int=8
ac_cv_sizeof_long_long_int=8
ac_cv_sizeof_off_t=8
ac_cv_sizeof_voidp=8
ac_cv_struct_tm=time.h
ac_cv_sys_file_offset_bits=no
ac_cv_sys_largefile_CC=no
ac_cv_sys_largefile_source=no
ac_cv_type_bool=no
ac_cv_type_gid_t=yes
ac_cv_type_off_t=yes
ac_cv_type_sig_atomic_t=yes
ac_cv_type_signal=void
ac_cv_type_size_t=yes
ac_cv_type_uid_t=yes
am_cv_CCAS_dependencies_compiler_type=gcc3
am_cv_CC_dependencies_compiler_type=gcc3
am_cv_CXX_dependencies_compiler_type=gcc3
am_cv_prog_tar_ustar=gnutar
lt_cv_deplibs_check_method=pass_all
lt_cv_dlopen=dlopen
lt_cv_dlopen_libs=
lt_cv_dlopen_self=yes
lt_cv_dlopen_self_static=yes
lt_cv_file_magic_cmd='$MAGIC_CMD'
lt_cv_file_magic_test_file=
lt_cv_ld_reload_flag=-r
lt_cv_objdir=.libs
lt_cv_path_LD=/share/apps/anaconda/ju2/bin/x86_64-conda-linux-gnu-ld
lt_cv_path_LDCXX=
lt_cv_path_NM=/share/apps/anaconda/ju2/bin/x86_64-conda-linux-gnu-nm
lt_cv_path_SED=/bin/sed
lt_cv_prog_compiler_c_o=yes
lt_cv_prog_compiler_c_o_CXX=no
lt_cv_prog_compiler_rtti_exceptions=no
lt_cv_prog_gnu_ld=yes
lt_cv_prog_gnu_ldcxx=
lt_cv_sys_global_symbol_pipe=
lt_cv_sys_global_symbol_to_c_name_address='sed -n -e '\''s/^: \([^ ]*\) $/  {\"\1\", (lt_ptr) 0},/p'\'' -e '\''s/^[BCDEGRST] \([^ ]*\) \([^ ]*\)$/  {"\2", (lt_ptr) \&\2},/p'\'''
lt_cv_sys_global_symbol_to_cdecl=
lt_cv_sys_max_cmd_len=32768
lt_lt_cv_prog_compiler_c_o='"yes"'
lt_lt_cv_prog_compiler_c_o_CXX='"no"'
lt_lt_cv_sys_global_symbol_pipe='""'
lt_lt_cv_sys_global_symbol_to_c_name_address='"sed -n -e '\''s/^: \\([^ ]*\\) \$/  {\\\"\\1\\\", (lt_ptr) 0},/p'\'' -e '\''s/^[BCDEGRST] \\([^ ]*\\) \\([^ ]*\\)\$/  {\"\\2\", (lt_ptr) \\&\\2},/p'\''"'
lt_lt_cv_sys_global_symbol_to_cdecl='""'

## ----------------- ##
## Output variables. ##
## ----------------- ##

ACLOCAL='${SHELL} /home/ggroenh/git/GMXTC/gromacs-4.5.3-QEDMM.14b-MASH/config/missing --run aclocal-1.11'
AMDEPBACKSLASH='\'
AMDEP_FALSE='#'
AMDEP_TRUE=''
AMTAR='${SHELL} /home/ggroenh/git/GMXTC/gromacs-4.5.3-QEDMM.14b-MASH/config/missing --run tar'
AR='/share/apps/anaconda/ju2/bin/x86_64-conda-linux-gnu-ar'
AS='mpicc'
ASFLAGS=''
AUTOCONF='${SHELL} /home/ggroenh/git/GMXTC/gromacs-4.5.3-QEDMM.14b-MASH/config/missing --run autoconf'
AUTOHEADER='${SHELL} /home/ggroenh/git/GMXTC/gromacs-4.5.3-QEDMM.14b-MASH/config/missing --run autoheader'
AUTOMAKE='${SHELL} /home/ggroenh/git/GMXTC/gromacs-4.5.3-QEDMM.14b-MASH/config/missing --run automake-1.11'
AWK='gawk'
CC='mpicc'
CCAS='mpicc'
CCASDEPMODE='depmode=gcc3'
CCASFLAGS=''
CCDEPMODE='depmode=gcc3'
CC_FOR_BUILD='/share/apps/anaconda/ju2/bin/x86_64-conda-linux-gnu-cc'
CFLAGS=''
CPP='/share/apps/anaconda/ju2/bin/x86_64-conda-linux-gnu-cpp'
CPPFLAGS='-DMKL'
CXX='mpicc'
CXXCPP='mpicc -E'
CXXDEPMODE='depmode=gcc3'
CXXFLAGS='-fvisibility-inlines-hidden -std=c++17 -fmessage-length=0 -march=nocona -mtune=haswell -ftree-vectorize -fPIC -fstack-protector-strong -fno-plt -O2 -ffunction-sections -pipe -isystem /share/apps/anaconda/ju2/include'
CYGPATH_W='echo'
DEFS='-DHAVE_CONFIG_H'
DEPDIR='.deps'
DLLTOOL='dlltool'
DLOPEN_LIBS=''
ECHO='echo'
ECHO_C=''
ECHO_N='-n'
ECHO_T=''
EGREP='/bin/grep -E'
EXEEXT=''
F77=''
F77LINK='$(LINK)'
FFLAGS=''
FFT_LIBS=' -liomp5 -lmkl_sequential -lmkl_core -lmkl_intel_lp64'
FLIBS=''
GMX_BLUEGENE_FALSE=''
GMX_BLUEGENE_TRUE='#'
GMX_DOUBLE_FALSE='#'
GMX_DOUBLE_TRUE=''
GMX_EXTERNAL_BLAS_FALSE=''
GMX_EXTERNAL_BLAS_TRUE='#'
GMX_EXTERNAL_LAPACK_FALSE=''
GMX_EXTERNAL_LAPACK_TRUE='#'
GMX_FAHCORE_FALSE=''
GMX_FAHCORE_TRUE='#'
GMX_FORTRAN_FALSE=''
GMX_FORTRAN_TRUE='#'
GMX_IA32_SSE2_FALSE=''
GMX_IA32_SSE2_TRUE='#'
GMX_IA32_SSE_FALSE=''
GMX_IA32_SSE_TRUE='#'
GMX_IA64_ASM_FALSE=''
GMX_IA64_ASM_TRUE='#'
GMX_POWER6_FALSE=''
GMX_POWER6_TRUE='#'
GMX_PPC_ALTIVEC_FALSE=''
GMX_PPC_ALTIVEC_TRUE='#'
GMX_SOFTWARE_INVSQRT_FALSE='#'
GMX_SOFTWARE_INVSQRT_TRUE=''
GMX_X86_64_SSE2_FALSE='#'
GMX_X86_64_SSE2_TRUE=''
GMX_X86_64_SSE_FALSE=''
GMX_X86_64_SSE_TRUE='#'
GREP='/bin/grep'
GSL_LIBS=''
INCLUDES=' -I/usr/include/libxml2'
INSTALL_DATA='${INSTALL} -m 644'
INSTALL_PROGRAM='${INSTALL}'
INSTALL_SCRIPT='${INSTALL}'
INSTALL_STRIP_PROGRAM='$(install_sh) -c -s'
LDFLAGS=' '
LIBOBJS=''
LIBS='-lnsl -lm -lmkl_intel_lp64 -lmkl_sequential -lmkl_core -lpthread -lm -ldl '
LIBSUFFIX='_mpi_d'
LIBTOOL='$(SHELL) $(top_builddir)/libtool'
LMKL=' -liomp5 -lmkl_sequential -lmkl_core'
LN_S='ln -s'
LTLIBOBJS=''
MAKEINFO='${SHELL} /home/ggroenh/git/GMXTC/gromacs-4.5.3-QEDMM.14b-MASH/config/missing --run makeinfo'
MKDIR_P='/bin/mkdir -p'
MPICC='mpicc'
NO_LA_FILES_FALSE=''
NO_LA_FILES_TRUE='#'
OBJDUMP='/share/apps/anaconda/ju2/bin/x86_64-conda-linux-gnu-objdump'
OBJEXT='o'
PACKAGE='gromacs'
PACKAGE_BUGREPORT='gmx-users@gromacs.org'
PACKAGE_NAME='gromacs'
PACKAGE_STRING='gromacs 4.5.3'
PACKAGE_TARNAME='gromacs'
PACKAGE_URL=''
PACKAGE_VERSION='4.5.3'
PATH_SEPARATOR=':'
PKG_CFLAGS=' -DGMX_DOUBLE -DGMX_SOFTWARE_INVSQRT -DGMX_LIB_MPI'
PKG_FFT=''
PKG_FFT_LIBS=' -liomp5 -lmkl_sequential -lmkl_core -lmkl_intel_lp64'
PKG_GSL=''
PKG_XML='libxml-2.0'
PTHREAD_CC=''
PTHREAD_CFLAGS=''
PTHREAD_LIBS=''
RANLIB='/share/apps/anaconda/ju2/bin/x86_64-conda-linux-gnu-ranlib'
RPM='rpm'
SET_MAKE=''
SHARED_VERSION_INFO='6:0:0'
SHELL='/bin/sh'
STRIP='/share/apps/anaconda/ju2/bin/x86_64-conda-linux-gnu-strip'
THREAD_PARALLEL_FALSE=''
THREAD_PARALLEL_TRUE='#'
USE_VERSION_H_FALSE=''
USE_VERSION_H_TRUE='#'
USE_X11_FALSE='#'
USE_X11_TRUE=''
VERSION='4.5.3'
XMKMF=''
XML_LIBS='-lxml2'
X_CFLAGS=''
X_EXTRA_LIBS=''
X_LIBS=''
X_PRE_LIBS=''
ac_ct_CC=''
ac_ct_CXX=''
ac_ct_F77=''
am__EXEEXT_FALSE=''
am__EXEEXT_TRUE='#'
am__fastdepCCAS_FALSE='#'
am__fastdepCCAS_TRUE=''
am__fastdepCC_FALSE='#'
am__fastdepCC_TRUE=''
am__fastdepCXX_FALSE='#'
am__fastdepCXX_TRUE=''
am__include='include'
am__isrc=''
am__leading_dot='.'
am__quote=''
am__tar='tar --format=ustar -chf - "$$tardir"'
am__untar='tar -xf -'
bindir='${exec_prefix}/bin'
build='x86_64-conda-linux-gnu'
build_alias='x86_64-conda-linux-gnu'
build_cpu='x86_64'
build_os='linux-gnu'
build_vendor='conda'
datadir='${datarootdir}'
datarootdir='${prefix}/share'
docdir='${datarootdir}/doc/${PACKAGE_TARNAME}'
dvidir='${docdir}'
exec_prefix='${prefix}'
have_git=''
host='x86_64-conda-linux-gnu'
host_alias='x86_64-conda-linux-gnu'
host_cpu='x86_64'
host_os='linux-gnu'
host_vendor='conda'
htmldir='${docdir}'
includedir='${prefix}/include'
infodir='${datarootdir}/info'
install_sh='${SHELL} /home/ggroenh/git/GMXTC/gromacs-4.5.3-QEDMM.14b-MASH/config/install-sh'
libdir='${exec_prefix}/lib'
libexecdir='${exec_prefix}/libexec'
localedir='${datarootdir}/locale'
localstatedir='${prefix}/var'
mandir='${datarootdir}/man'
mkdir_p='/bin/mkdir -p'
oldincludedir='/usr/include'
pdfdir='${docdir}'
prefix='/usr/local/gromacs'
program_transform_name='s,$$,_d,'
psdir='${docdir}'
sbindir='${exec_prefix}/sbin'
sharedstatedir='${prefix}/com'
sysconfdir='${prefix}/etc'
target_alias=''

## ----------- ##
## confdefs.h. ##
## ----------- ##

/* confdefs.h */
#define PACKAGE_NAME "gromacs"
#define PACKAGE_TARNAME "gromacs"
#define PACKAGE_VERSION "4.5.3"
#define PACKAGE_STRING "gromacs 4.5.3"
#define PACKAGE_BUGREPORT "gmx-users@gromacs.org"
#define PACKAGE_URL ""
#define PACKAGE "gromacs"
#define VERSION "4.5.3"
#define GMX_DOUBLE /**/
#define GMX_SOFTWARE_INVSQRT /**/
#define GMX_QMMM_GAUSSIAN /**/
#define GMX_QMMM_ORCA /**/
#define BUILD_TIME "Fri Sep 15 11:27:03 CEST 2023"
#define BUILD_USER "ggroenh@soleus.ftmc.uam.es"
#define BUILD_MACHINE "Linux 3.10.0-1160.15.2.el7.x86_64 x86_64"
#define GMX_MPI /**/
#define GMX_LIB_MPI /**/
#define MPI_IN_PLACE_EXISTS /**/
#define F77_OR_C_FUNC(name,NAME) name
#define F77_OR_C_FUNC_(name,NAME) name
#define HAVE_SIGUSR1 /**/
#define HAVE_PIPES /**/
#define FLOAT_FORMAT_IEEE754 /**/
#define HAVE_DLFCN_H 1
#define HAVE_FSEEKO 1
#define HAVE_LIBM 1
#define HAVE_LIBMKL_INTEL_LP64 1
#define GMX_FFT_MKL /**/
#define HAVE_RPC_RPC_H 1
#define HAVE_RPC_XDR_H 1
#define HAVE_LIBNSL 1
#define HAVE_LIMITS_H 1
#define HAVE_UNISTD_H 1
#define HAVE_UNISTD_H 1
#define HAVE_SYS_TYPES_H 1
#define HAVE_SYS_TIME_H 1
#define HAVE_DIRENT_H 1
#define HAVE_REGEX_H 1
#define RETSIGTYPE void
#define HAVE_VPRINTF 1
#define HAVE_STRCASECMP 1
#define HAVE_STRDUP 1
#define HAVE_GETTIMEOFDAY 1
#define HAVE_CBRT 1
#define HAVE_ISNAN 1
#define HAVE_FSYNC 1
#define HAVE_FILENO 1
#define HAVE_POSIX_MEMALIGN 1
#define HAVE_MEMALIGN 1
#define SIZEOF_INT 4
#define SIZEOF_LONG_INT 8
#define SIZEOF_LONG_LONG_INT 8
#define SIZEOF_OFF_T 8
#define SIZEOF_VOIDP 8
#define HAVE_LIBXML_PARSER_H 1
#define HAVE_LIBXML2 1
#define restrict __restrict
#define HAVE_UID_T 1
#define HAVE_GID_T 1
#define HAVE_SIG_ATOMIC_T 1
#define GMX_X86_64_SSE2 /**/
#define GMX_DLOPEN /**/

configure: exit 0

## ---------------------- ##
## Running config.status. ##
## ---------------------- ##

This file was extended by gromacs config.status 4.5.3, which was
generated by GNU Autoconf 2.69.  Invocation command line was

  CONFIG_FILES    = 
  CONFIG_HEADERS  = 
  CONFIG_LINKS    = 
  CONFIG_COMMANDS = 
  $ ./config.status 

on soleus.ftmc.uam.es

config.status:1061: creating Makefile
config.status:1061: creating src/Makefile
config.status:1061: creating src/gmxlib/Makefile
config.status:1061: creating src/gmxlib/libgmx_mpi_d.pc
config.status:1061: creating src/gmxlib/gmx_blas/Makefile
config.status:1061: creating src/gmxlib/gmx_lapack/Makefile
config.status:1061: creating src/gmxlib/selection/Makefile
config.status:1061: creating src/gmxlib/statistics/Makefile
config.status:1061: creating src/gmxlib/trajana/Makefile
config.status:1061: creating src/gmxlib/thread_mpi/Makefile
config.status:1061: creating src/gmxlib/nonbonded/Makefile
config.status:1061: creating src/gmxlib/nonbonded/nb_kernel_c/Makefile
config.status:1061: creating src/gmxlib/nonbonded/nb_kernel_ia32_sse/Makefile
config.status:1061: creating src/gmxlib/nonbonded/nb_kernel_ia32_sse2/Makefile
config.status:1061: creating src/gmxlib/nonbonded/nb_kernel_x86_64_sse/Makefile
config.status:1061: creating src/gmxlib/nonbonded/nb_kernel_x86_64_sse2/Makefile
config.status:1061: creating src/gmxlib/nonbonded/nb_kernel_ppc_altivec/Makefile
config.status:1061: creating src/gmxlib/nonbonded/nb_kernel_ia64_single/Makefile
config.status:1061: creating src/gmxlib/nonbonded/nb_kernel_ia64_double/Makefile
config.status:1061: creating src/gmxlib/nonbonded/nb_kernel_bluegene/Makefile
config.status:1061: creating src/gmxlib/nonbonded/nb_kernel_power6/Makefile
config.status:1061: creating src/gmxlib/nonbonded/nb_kernel_f77_single/Makefile
config.status:1061: creating src/gmxlib/nonbonded/nb_kernel_f77_double/Makefile
config.status:1061: creating include/Makefile
config.status:1061: creating include/types/Makefile
config.status:1061: creating include/thread_mpi/Makefile
config.status:1061: creating include/thread_mpi/atomic/Makefile
config.status:1061: creating src/mdlib/Makefile
config.status:1061: creating src/mdlib/libmd_mpi_d.pc
config.status:1061: creating src/kernel/Makefile
config.status:1061: creating src/kernel/libgmxpreprocess_mpi_d.pc
config.status:1061: creating src/tools/Makefile
config.status:1061: creating src/tools/libgmxana_mpi_d.pc
config.status:1061: creating src/ngmx/Makefile
config.status:1061: creating src/contrib/Makefile
config.status:1061: creating scripts/Makefile
config.status:1061: creating admin/Makefile
config.status:1061: creating share/Makefile
config.status:1061: creating share/tutor/Makefile
config.status:1061: creating share/tutor/gmxdemo/Makefile
config.status:1061: creating share/tutor/nmr1/Makefile
config.status:1061: creating share/tutor/nmr2/Makefile
config.status:1061: creating share/tutor/water/Makefile
config.status:1061: creating share/tutor/mixed/Makefile
config.status:1061: creating share/tutor/methanol/Makefile
config.status:1061: creating share/tutor/speptide/Makefile
config.status:1061: creating share/template/Makefile
config.status:1061: creating share/top/Makefile
config.status:1061: creating share/top/gmx.ff/Makefile
config.status:1061: creating share/top/gmx2.ff/Makefile
config.status:1061: creating share/top/encadv.ff/Makefile
config.status:1061: creating share/top/encads.ff/Makefile
config.status:1061: creating share/top/oplsaa.ff/Makefile
config.status:1061: creating share/top/gromos43a1.ff/Makefile
config.status:1061: creating share/top/gromos43a2.ff/Makefile
config.status:1061: creating share/top/gromos45a3.ff/Makefile
config.status:1061: creating share/top/gromos53a5.ff/Makefile
config.status:1061: creating share/top/gromos53a6.ff/Makefile
config.status:1061: creating share/top/charmm27.ff/Makefile
config.status:1061: creating share/top/amber94.ff/Makefile
config.status:1061: creating share/top/amber96.ff/Makefile
config.status:1061: creating share/top/amberGS.ff/Makefile
config.status:1061: creating share/top/amber99.ff/Makefile
config.status:1061: creating share/top/amber99sb.ff/Makefile
config.status:1061: creating share/top/amber99sb-ildn.ff/Makefile
config.status:1061: creating share/top/amber03.ff/Makefile
config.status:1061: creating share/html/Makefile
config.status:1061: creating share/html/images/Makefile
config.status:1061: creating share/html/online/Makefile
config.status:1061: creating man/Makefile
config.status:1061: creating man/man1/Makefile
config.status:1061: creating man/man7/Makefile
config.status:1061: creating Doxyfile
config.status:1061: creating src/config.h
config.status:1290: executing depfiles commands

## ---------------------- ##
## Running config.status. ##
## ---------------------- ##

This file was extended by gromacs config.status 4.5.3, which was
generated by GNU Autoconf 2.69.  Invocation command line was

  CONFIG_FILES    = 
  CONFIG_HEADERS  = 
  CONFIG_LINKS    = 
  CONFIG_COMMANDS = 
  $ ./config.status src/config.h

on soleus.ftmc.uam.es

config.status:1061: creating src/config.h
config.status:1242: src/config.h is unchanged
